StepCounter	 Dynamics	 ConfDynamics	 NConDynamics	  Zeros	  Ones	 ConfZeros	 NConfZeros	 ConfOnes	 NConfOnes	 Stress	 ConfStress	 NConStress	 frameRate	 NofClusters	 MnClustersSize	 MaxClustersSize	 MinClustersSize	 MnClustersDiam	 MaxClustersDiam	 MinClustersDiam	 MnClustersBRat	 MaxClustersBRat	 MinClustersBRat	 RatioA	 RatioB	 Noise	 MaxStrengh	 Distribution	 Bias	 N
0	 0.0	 0.0	 0.0	 3166	 2459	 2993	 173	 2326	 133	 0.49066666	 0.49027073	 0.49754903	 9.628635	 372	 14.258064516129032	 1738	 2	 3.8014692100145484	 52.3259	 1.0	 0.9803919071151365	 1.0	 0.75	 0.45	 0.05	 2.0	 1000.0	 0	 -7.0	 75
1	 0.25795555	 0.24196278	 0.53594774	 3527	 2098	 3398	 129	 1921	 177	 0.33688888	 0.32402706	 0.5604575	 9.046096	 148	 36.310810810810814	 3414	 2	 4.4754660161765845	 52.3259	 1.0	 0.929922500574911	 1.0	 0.5531915	 0.45	 0.05	 2.0	 1000.0	 0	 -7.0	 75
2	 0.13777778	 0.12389547	 0.37908497	 3762	 1863	 3673	 89	 1646	 217	 0.26151112	 0.23716864	 0.6846405	 8.717495	 93	 58.27956989247312	 3676	 2	 5.323307424463252	 52.3259	 1.0	 0.8835426661916959	 1.0	 0.4923077	 0.45	 0.05	 2.0	 1000.0	 0	 -7.0	 75
3	 0.08302222	 0.070877984	 0.29411766	 3893	 1732	 3820	 73	 1499	 233	 0.22408889	 0.19486746	 0.73202616	 8.475084	 72	 75.73611111111111	 3834	 2	 5.998973076542218	 52.3259	 1.0	 0.8512759274906583	 1.0	 0.42383933	 0.45	 0.05	 2.0	 1000.0	 0	 -7.0	 75
4	 0.057777777	 0.05038541	 0.18627451	 3982	 1643	 3920	 62	 1399	 244	 0.19928889	 0.1676772	 0.7487745	 8.499726	 54	 101.07407407407408	 3935	 2	 7.151966841132553	 52.3259	 1.0	 0.8079693725815525	 1.0	 0.37534943	 0.45	 0.05	 2.0	 1000.0	 0	 -7.0	 75
5	 0.04871111	 0.037977062	 0.23529412	 4028	 1597	 3966	 62	 1353	 244	 0.18408889	 0.15092123	 0.7606209	 8.577878	 49	 111.85714285714286	 3992	 2	 7.375779040005742	 52.3259	 1.0	 0.7954564666261479	 1.0	 0.34519038	 0.45	 0.05	 2.0	 1000.0	 0	 -7.0	 75
6	 0.04088889	 0.029140815	 0.24509804	 4094	 1531	 4025	 69	 1294	 237	 0.17608888	 0.14217898	 0.7655229	 8.391633	 45	 121.55555555555556	 4060	 2	 7.5529414388868545	 52.3259	 1.0	 0.7764804899692536	 1.0	 0.32931036	 0.45	 0.05	 2.0	 1000.0	 0	 -7.0	 75
7	 0.03928889	 0.030080842	 0.19934641	 4145	 1480	 4079	 66	 1240	 240	 0.16844444	 0.13346024	 0.77655226	 8.2423935	 40	 136.75	 4115	 2	 7.944176411628723	 52.3259	 1.0	 0.7702232159674167	 1.0	 0.31324422	 0.45	 0.05	 2.0	 1000.0	 0	 -7.0	 75
8	 0.03128889	 0.021244595	 0.20588236	 4173	 1452	 4106	 67	 1213	 239	 0.1639111	 0.1284076	 0.78104573	 8.416194	 39	 140.2051282051282	 4144	 2	 7.955926815668742	 52.3259	 1.0	 0.7644759569412622	 1.0	 0.30333012	 0.45	 0.05	 2.0	 1000.0	 0	 -7.0	 75
9	 0.02951111	 0.021056589	 0.1764706	 4213	 1412	 4142	 71	 1177	 235	 0.1592	 0.12264994	 0.79452616	 8.301029	 37	 147.59459459459458	 4186	 2	 7.991607543584463	 52.3259	 1.0	 0.7681588135861062	 1.0	 0.29311994	 0.45	 0.05	 2.0	 1000.0	 0	 -7.0	 75
10	 0.028266666	 0.021244595	 0.1503268	 4254	 1371	 4191	 63	 1128	 243	 0.15502222	 0.1178793	 0.8006536	 8.140327	 39	 139.97435897435898	 4228	 2	 7.2982046115092745	 52.3259	 1.0	 0.7954749640745994	 1.0	 0.28500473	 0.45	 0.05	 2.0	 1000.0	 0	 -7.0	 75
11	 0.027733333	 0.019552547	 0.16993465	 4282	 1343	 4221	 61	 1098	 245	 0.15244444	 0.11465971	 0.809232	 7.9621506	 39	 139.84615384615384	 4259	 2	 7.072283289371392	 52.3259	 1.0	 0.8002636493780674	 1.0	 0.2801127	 0.45	 0.05	 2.0	 1000.0	 0	 -7.0	 75
12	 0.024711112	 0.0178605	 0.14379086	 4313	 1312	 4256	 57	 1063	 249	 0.14746666	 0.10925456	 0.811683	 7.9845057	 35	 155.88571428571427	 4290	 2	 7.626042495455061	 52.3259	 1.0	 0.8014927744865418	 1.0	 0.27226108	 0.45	 0.05	 2.0	 1000.0	 0	 -7.0	 75
13	 0.021511111	 0.013724384	 0.15686275	 4338	 1287	 4283	 55	 1036	 251	 0.14453334	 0.10596447	 0.814951	 8.10806	 35	 155.85714285714286	 4314	 2	 7.464649752208165	 52.3259	 1.0	 0.8118390475000654	 1.0	 0.26773295	 0.45	 0.05	 2.0	 1000.0	 0	 -7.0	 75
14	 0.020266667	 0.013348374	 0.14052288	 4334	 1291	 4286	 48	 1033	 258	 0.14284444	 0.103802405	 0.82148695	 8.262676	 34	 160.44117647058823	 4313	 2	 7.456523022230933	 52.3259	 1.0	 0.7988732097780004	 1.0	 0.26547647	 0.45	 0.05	 2.0	 1000.0	 0	 -7.0	 75
15	 0.021866666	 0.011656326	 0.19934641	 4339	 1286	 4290	 49	 1029	 257	 0.14115556	 0.10201636	 0.82148695	 8.414135	 33	 165.24242424242425	 4317	 2	 7.570319356340351	 52.3259	 1.0	 0.8028739970741849	 1.0	 0.26314571	 0.45	 0.05	 2.0	 1000.0	 0	 -7.0	 75
16	 0.015466667	 0.009588269	 0.11764706	 4352	 1273	 4301	 51	 1018	 255	 0.14035556	 0.101099834	 0.8227124	 8.56862	 34	 160.41176470588235	 4333	 2	 7.310999642400181	 52.3259	 1.0	 0.8103765056413763	 1.0	 0.262174	 0.45	 0.05	 2.0	 1000.0	 0	 -7.0	 75
17	 0.018133333	 0.010528294	 0.1503268	 4362	 1263	 4313	 49	 1006	 257	 0.13884445	 0.09926678	 0.82679737	 8.248609	 32	 170.46875	 4345	 2	 7.7356790862977505	 52.3259	 1.0	 0.802707938477397	 1.0	 0.2589183	 0.45	 0.05	 2.0	 1000.0	 0	 -7.0	 75
18	 0.016355556	 0.009776274	 0.13071896	 4376	 1249	 4323	 53	 996	 253	 0.13786666	 0.098397255	 0.8239379	 8.149282	 29	 187.9655172413793	 4362	 2	 8.246076744178247	 52.3259	 1.0	 0.7830076351247984	 1.0	 0.25767997	 0.45	 0.05	 2.0	 1000.0	 0	 -7.0	 75
19	 0.019022223	 0.012220342	 0.13725491	 4391	 1234	 4340	 51	 979	 255	 0.1360889	 0.096869715	 0.8178105	 8.335789	 29	 188.06896551724137	 4378	 2	 8.276492131167444	 52.3259	 1.0	 0.7849289446041502	 1.0	 0.25536776	 0.45	 0.05	 2.0	 1000.0	 0	 -7.0	 75
20	 0.015644444	 0.008272232	 0.14379086	 4393	 1232	 4342	 51	 977	 255	 0.13493334	 0.095859185	 0.814134	 8.392542	 27	 201.88888888888889	 4379	 2	 8.724580672052172	 52.3259	 1.0	 0.7733760167051245	 1.0	 0.254396	 0.45	 0.05	 2.0	 1000.0	 0	 -7.0	 75
21	 0.020622222	 0.011280316	 0.18300654	 4407	 1218	 4352	 55	 967	 251	 0.13511111	 0.09548318	 0.8239379	 8.5493555	 28	 194.53571428571428	 4394	 2	 8.30668910912105	 52.3259	 1.0	 0.7819831626755851	 1.0	 0.2539827	 0.45	 0.05	 2.0	 1000.0	 0	 -7.0	 75
22	 0.017066667	 0.010340289	 0.13398694	 4421	 1204	 4373	 48	 946	 258	 0.13511111	 0.09522466	 0.82843137	 8.27431	 28	 194.5	 4406	 2	 8.21224348459925	 52.3259	 1.0	 0.7935178333095142	 1.0	 0.25170222	 0.45	 0.05	 2.0	 1000.0	 0	 -7.0	 75
23	 0.016888889	 0.010340289	 0.13071896	 4436	 1189	 4380	 56	 939	 250	 0.13351111	 0.09402613	 0.81985295	 8.296201	 30	 181.66666666666666	 4423	 2	 7.616345465183258	 52.3259	 1.0	 0.8008958369493484	 1.0	 0.24983042	 0.45	 0.05	 2.0	 1000.0	 0	 -7.0	 75
24	 0.015822222	 0.009588269	 0.12418301	 4449	 1176	 4395	 54	 924	 252	 0.13386667	 0.09426114	 0.82230395	 8.381135	 29	 187.82758620689654	 4434	 2	 7.852971894987698	 52.3259	 1.0	 0.8013838036306973	 1.0	 0.24853405	 0.45	 0.05	 2.0	 1000.0	 0	 -7.0	 75
25	 0.015466667	 0.009024253	 0.12745099	 4462	 1163	 4417	 45	 902	 261	 0.1336	 0.09362662	 0.82843137	 8.496792	 30	 181.53333333333333	 4449	 2	 7.55726623137792	 52.3259	 1.0	 0.8104632303118706	 1.0	 0.24837042	 0.45	 0.05	 2.0	 1000.0	 0	 -7.0	 75
26	 0.018666666	 0.012596353	 0.12418301	 4467	 1158	 4422	 45	 897	 261	 0.1328	 0.092663094	 0.83047384	 8.648568	 28	 194.35714285714286	 4453	 2	 7.989495383841651	 52.3259	 1.0	 0.803104509732553	 1.0	 0.24724905	 0.45	 0.05	 2.0	 1000.0	 0	 -7.0	 75
27	 0.016533334	 0.009776274	 0.13398694	 4460	 1165	 4414	 46	 905	 260	 0.13253333	 0.09238109	 0.83047384	 8.757594	 29	 187.89655172413794	 4445	 2	 7.803115228126789	 52.3259	 1.0	 0.8091131125030846	 1.0	 0.24701913	 0.45	 0.05	 2.0	 1000.0	 0	 -7.0	 75
28	 0.015644444	 0.009024253	 0.13071896	 4468	 1157	 4424	 44	 895	 262	 0.132	 0.09177007	 0.83129084	 8.868576	 29	 187.82758620689654	 4453	 2	 7.65532844642113	 52.3259	 1.0	 0.8119967667193249	 1.0	 0.24657534	 0.45	 0.05	 2.0	 1000.0	 0	 -7.0	 75
29	 0.014755555	 0.0073322053	 0.14379086	 4483	 1142	 4441	 42	 878	 264	 0.13208888	 0.09151156	 0.8374183	 8.612765	 29	 187.72413793103448	 4469	 2	 7.5794252074998	 52.3259	 1.0	 0.8163190833453474	 1.0	 0.2459163	 0.45	 0.05	 2.0	 1000.0	 0	 -7.0	 75
30	 0.014933334	 0.0107163	 0.0882353	 4497	 1128	 4452	 45	 867	 261	 0.13084444	 0.09059504	 0.83047384	 8.746659	 30	 181.46666666666667	 4482	 2	 7.328874333699544	 52.3259	 1.0	 0.8256092220544815	 1.0	 0.243195	 0.45	 0.05	 2.0	 1000.0	 0	 -7.0	 75
31	 0.017422222	 0.011280316	 0.12418301	 4501	 1124	 4462	 39	 857	 267	 0.13146667	 0.09052453	 0.84313726	 8.475372	 32	 170.09375	 4488	 2	 6.773692011833191	 52.3259	 1.0	 0.8374201152473688	 1.0	 0.24532086	 0.45	 0.05	 2.0	 1000.0	 0	 -7.0	 75
32	 0.014577778	 0.008084226	 0.12745099	 4511	 1114	 4467	 44	 852	 262	 0.13084444	 0.08986652	 0.84313726	 8.331293	 29	 187.6206896551724	 4498	 2	 7.181471701326041	 52.3259	 1.0	 0.8478240817785263	 1.0	 0.24455313	 0.45	 0.05	 2.0	 1000.0	 0	 -7.0	 75
33	 0.015644444	 0.0075202105	 0.15686275	 4525	 1100	 4475	 50	 844	 256	 0.13013333	 0.08916149	 0.84232026	 8.493364	 29	 187.68965517241378	 4513	 2	 7.151572860520462	 52.3259	 1.0	 0.8483399856707146	 1.0	 0.24307556	 0.45	 0.05	 2.0	 1000.0	 0	 -7.0	 75
34	 0.0152888885	 0.010152284	 0.104575165	 4513	 1112	 4473	 40	 846	 266	 0.1304	 0.089137994	 0.84763074	 8.598644	 30	 181.36666666666667	 4500	 2	 6.918920079867045	 52.3259	 1.0	 0.8482494865854581	 1.0	 0.24355556	 0.45	 0.05	 2.0	 1000.0	 0	 -7.0	 75
35	 0.014222222	 0.009024253	 0.104575165	 4525	 1100	 4479	 46	 840	 260	 0.12986666	 0.088785484	 0.84395427	 8.735664	 28	 194.21428571428572	 4513	 2	 7.341936034815652	 52.3259	 1.0	 0.8424091578594276	 1.0	 0.2437403	 0.45	 0.05	 2.0	 1000.0	 0	 -7.0	 75
36	 0.014044444	 0.009776274	 0.0882353	 4536	 1089	 4491	 45	 828	 261	 0.12888889	 0.08772796	 0.84436274	 8.497542	 28	 194.14285714285714	 4524	 2	 7.262985906430653	 52.3259	 1.0	 0.8435993487281459	 1.0	 0.24292661	 0.45	 0.05	 2.0	 1000.0	 0	 -7.0	 75
37	 0.014044444	 0.008084226	 0.11764706	 4527	 1098	 4486	 41	 833	 265	 0.13004445	 0.08836248	 0.85457516	 8.380142	 28	 194.25	 4515	 2	 7.395199818270547	 52.3259	 1.0	 0.8447672341551099	 1.0	 0.24429679	 0.45	 0.05	 2.0	 1000.0	 0	 -7.0	 75
38	 0.015466667	 0.008648242	 0.13398694	 4536	 1089	 4490	 46	 829	 260	 0.1288	 0.08728144	 0.8504902	 8.542792	 27	 201.37037037037038	 4524	 2	 7.562076281618189	 52.3259	 1.0	 0.8371775851205543	 1.0	 0.24204244	 0.45	 0.05	 2.0	 1000.0	 0	 -7.0	 75
39	 0.0128	 0.008460237	 0.0882353	 4540	 1085	 4503	 37	 816	 269	 0.1288	 0.086928934	 0.8566176	 8.417247	 28	 194.17857142857142	 4527	 2	 7.308492072990963	 52.3259	 1.0	 0.8439915526126113	 1.0	 0.24254473	 0.45	 0.05	 2.0	 1000.0	 0	 -7.0	 75
40	 0.014755555	 0.006956195	 0.1503268	 4557	 1068	 4516	 41	 803	 265	 0.1287111	 0.08683493	 0.8566176	 8.282426	 28	 194.10714285714286	 4545	 2	 7.298209607601166	 52.3259	 1.0	 0.8479316362312862	 1.0	 0.24246424	 0.45	 0.05	 2.0	 1000.0	 0	 -7.0	 75
41	 0.013511111	 0.0067681894	 0.13071896	 4571	 1054	 4522	 49	 797	 257	 0.12782222	 0.08634142	 0.8488562	 8.198812	 28	 194.21428571428572	 4560	 2	 7.285167413098471	 52.3259	 1.0	 0.8514816596039704	 1.0	 0.24057017	 0.45	 0.05	 2.0	 1000.0	 0	 -7.0	 75
42	 0.010844445	 0.006392179	 0.0882353	 4558	 1067	 4510	 48	 809	 258	 0.12764445	 0.086247414	 0.8472222	 8.110518	 27	 201.37037037037038	 4547	 2	 7.6016719871097145	 52.3259	 1.0	 0.8462195655813923	 1.0	 0.24037828	 0.45	 0.05	 2.0	 1000.0	 0	 -7.0	 75
43	 0.010488889	 0.005264147	 0.10130719	 4559	 1066	 4514	 45	 805	 261	 0.12737778	 0.0858244	 0.8496732	 8.076473	 27	 201.40740740740742	 4548	 2	 7.551833170431632	 52.3259	 1.0	 0.8457595109939575	 1.0	 0.24010554	 0.45	 0.05	 2.0	 1000.0	 0	 -7.0	 75
44	 0.0101333335	 0.004888137	 0.10130719	 4550	 1075	 4514	 36	 805	 270	 0.12755555	 0.0857304	 0.85457516	 8.073126	 27	 201.40740740740742	 4539	 2	 7.4846777651045056	 52.3259	 1.0	 0.8445301215957712	 1.0	 0.24080195	 0.45	 0.05	 2.0	 1000.0	 0	 -7.0	 75
45	 0.016355556	 0.008084226	 0.16013072	 4558	 1067	 4511	 47	 808	 259	 0.12604444	 0.08476687	 0.84354573	 8.072974	 27	 201.2962962962963	 4546	 2	 7.342988517549303	 52.3259	 1.0	 0.8300730133498156	 1.0	 0.23867136	 0.45	 0.05	 2.0	 1000.0	 0	 -7.0	 75
46	 0.013155555	 0.006392179	 0.13071896	 4564	 1061	 4519	 45	 800	 261	 0.12684445	 0.08530739	 0.8488562	 8.234948	 27	 201.37037037037038	 4553	 2	 7.373287898522836	 52.3259	 1.0	 0.8396431588464313	 1.0	 0.23984186	 0.45	 0.05	 2.0	 1000.0	 0	 -7.0	 75
47	 0.015822222	 0.008836247	 0.13725491	 4569	 1056	 4530	 39	 789	 267	 0.12613334	 0.08432036	 0.85294116	 8.40394	 27	 201.1851851851852	 4558	 2	 7.176128886364125	 52.3259	 1.0	 0.8523147972645583	 1.0	 0.23870118	 0.45	 0.05	 2.0	 1000.0	 0	 -7.0	 75
48	 0.014044444	 0.008460237	 0.11111111	 4580	 1045	 4541	 39	 778	 267	 0.1256	 0.08377985	 0.8525327	 8.290743	 27	 201.11111111111111	 4568	 2	 7.051918325600801	 52.3259	 1.0	 0.8509792823482443	 1.0	 0.2377408	 0.45	 0.05	 2.0	 1000.0	 0	 -7.0	 75
49	 0.014577778	 0.008836247	 0.114379086	 4596	 1029	 4552	 44	 767	 262	 0.12471111	 0.08286332	 0.85212415	 8.458787	 26	 208.80769230769232	 4583	 2	 7.301466565865737	 52.3259	 1.0	 0.8455945998430252	 1.0	 0.2358717	 0.45	 0.05	 2.0	 1000.0	 0	 -7.0	 75
50	 0.015466667	 0.008272232	 0.14052288	 4607	 1018	 4564	 43	 755	 263	 0.12444445	 0.08272231	 0.8496732	 8.551168	 26	 208.8846153846154	 4594	 2	 7.334682941436768	 52.3259	 1.0	 0.8437879091271987	 1.0	 0.23421855	 0.45	 0.05	 2.0	 1000.0	 0	 -7.0	 75
51	 0.014755555	 0.009212258	 0.11111111	 4612	 1013	 4575	 37	 744	 269	 0.12444445	 0.0821583	 0.8594771	 8.660052	 27	 201.07407407407408	 4599	 2	 7.100920641863787	 52.3259	 1.0	 0.8503628196539702	 1.0	 0.23483366	 0.45	 0.05	 2.0	 1000.0	 0	 -7.0	 75
52	 0.010666667	 0.005828163	 0.09477124	 4608	 1017	 4574	 34	 745	 272	 0.12524444	 0.08262832	 0.86601305	 8.565125	 27	 201.11111111111111	 4595	 2	 7.19264222074438	 52.3259	 1.0	 0.8512774269889902	 1.0	 0.23569097	 0.45	 0.05	 2.0	 1000.0	 0	 -7.0	 75
53	 0.011022222	 0.006204174	 0.09477124	 4606	 1019	 4573	 33	 746	 273	 0.124355555	 0.0819703	 0.8611111	 8.463455	 26	 208.76923076923077	 4593	 2	 7.426192732957693	 52.3259	 1.0	 0.8438950673891947	 1.0	 0.23448727	 0.45	 0.05	 2.0	 1000.0	 0	 -7.0	 75
54	 0.012088889	 0.0073322053	 0.09477124	 4612	 1013	 4578	 34	 741	 272	 0.12417778	 0.08161779	 0.8639706	 8.611638	 26	 208.73076923076923	 4598	 2	 7.456791630158057	 52.3259	 1.0	 0.8430596079963905	 1.0	 0.23336233	 0.45	 0.05	 2.0	 1000.0	 0	 -7.0	 75
55	 0.012622222	 0.006204174	 0.12418301	 4627	 998	 4585	 42	 734	 264	 0.1232	 0.08091277	 0.85825163	 8.663717	 27	 201.0	 4614	 2	 6.999906747429459	 52.3259	 1.0	 0.8500532375441657	 1.0	 0.2325531	 0.45	 0.05	 2.0	 1000.0	 0	 -7.0	 75
56	 0.013866667	 0.0071442	 0.13071896	 4641	 984	 4599	 42	 720	 264	 0.123555556	 0.08103027	 0.8627451	 8.761842	 27	 200.96296296296296	 4627	 2	 7.038808054394192	 52.3259	 1.0	 0.8553682571208036	 1.0	 0.23189972	 0.45	 0.05	 2.0	 1000.0	 0	 -7.0	 75
57	 0.011555555	 0.007896221	 0.0751634	 4646	 979	 4609	 37	 710	 269	 0.123733334	 0.08128878	 0.86151963	 8.727666	 27	 201.0	 4633	 2	 7.018792434974953	 52.3259	 1.0	 0.8594811630469782	 1.0	 0.2326786	 0.45	 0.05	 2.0	 1000.0	 0	 -7.0	 75
58	 0.009955555	 0.006392179	 0.07189543	 4656	 969	 4613	 43	 706	 263	 0.12337778	 0.08086576	 0.8623366	 8.849719	 27	 201.0	 4644	 2	 6.993757609967832	 52.3259	 1.0	 0.8622963732039487	 1.0	 0.23191215	 0.45	 0.05	 2.0	 1000.0	 0	 -7.0	 75
59	 0.011555555	 0.0060161683	 0.10784314	 4663	 962	 4627	 36	 692	 270	 0.122933336	 0.08037225	 0.8627451	 8.688365	 28	 193.78571428571428	 4652	 2	 6.591833668095725	 52.3259	 1.0	 0.8671288841537067	 1.0	 0.23237318	 0.45	 0.05	 2.0	 1000.0	 0	 -7.0	 75
60	 0.013511111	 0.009024253	 0.09150327	 4669	 956	 4631	 38	 688	 268	 0.12231111	 0.07957323	 0.86519605	 8.775067	 27	 200.8148148148148	 4658	 2	 6.7075389756096735	 52.3259	 1.0	 0.8613909780979156	 1.0	 0.23121512	 0.45	 0.05	 2.0	 1000.0	 0	 -7.0	 75
61	 0.011022222	 0.006392179	 0.09150327	 4669	 956	 4635	 34	 684	 272	 0.12222222	 0.07926772	 0.8688725	 8.655417	 27	 200.85185185185185	 4658	 2	 6.708118986200403	 52.3259	 1.0	 0.8616344669350872	 1.0	 0.23078574	 0.45	 0.05	 2.0	 1000.0	 0	 -7.0	 75
62	 0.009422222	 0.0039481106	 0.104575165	 4670	 955	 4636	 34	 683	 272	 0.121866666	 0.07893871	 0.8680556	 8.5469	 27	 200.92592592592592	 4659	 2	 6.753092783468741	 52.3259	 1.0	 0.861419642413104	 1.0	 0.23009229	 0.45	 0.05	 2.0	 1000.0	 0	 -7.0	 75
63	 0.011555555	 0.005640158	 0.114379086	 4677	 948	 4640	 37	 679	 269	 0.12151111	 0.07872721	 0.86519605	 8.448355	 27	 200.88888888888889	 4666	 2	 6.616893843368247	 52.3259	 1.0	 0.8632112962228281	 1.0	 0.22996143	 0.45	 0.05	 2.0	 1000.0	 0	 -7.0	 75
64	 0.010844445	 0.0060161683	 0.09477124	 4686	 939	 4650	 36	 669	 270	 0.12177778	 0.07889171	 0.8672386	 8.4862995	 27	 200.88888888888889	 4675	 2	 6.649941356093795	 52.3259	 1.0	 0.864041084492648	 1.0	 0.22951871	 0.45	 0.05	 2.0	 1000.0	 0	 -7.0	 75
65	 0.010666667	 0.005076142	 0.10784314	 4688	 937	 4655	 33	 664	 273	 0.12177778	 0.07872721	 0.87009805	 8.624356	 27	 200.88888888888889	 4677	 2	 6.610362812324807	 52.3259	 1.0	 0.8641452976950893	 1.0	 0.23006201	 0.45	 0.05	 2.0	 1000.0	 0	 -7.0	 75
66	 0.008533333	 0.0035721	 0.09477124	 4686	 939	 4650	 36	 669	 270	 0.12115555	 0.07832769	 0.8656046	 8.489856	 27	 200.92592592592592	 4675	 2	 6.646029984509504	 52.3259	 1.0	 0.8631107028987672	 1.0	 0.2293048	 0.45	 0.05	 2.0	 1000.0	 0	 -7.0	 75
67	 0.0090666665	 0.0045121266	 0.0882353	 4695	 930	 4662	 33	 657	 273	 0.12168889	 0.0785157	 0.8721405	 8.415002	 27	 200.85185185185185	 4684	 2	 6.590092500050862	 52.3259	 1.0	 0.86468541070267	 1.0	 0.22886422	 0.45	 0.05	 2.0	 1000.0	 0	 -7.0	 75
68	 0.009955555	 0.005076142	 0.09477124	 4699	 926	 4665	 34	 654	 272	 0.121422224	 0.07823369	 0.8721405	 8.566875	 28	 193.71428571428572	 4688	 2	 6.297636296067919	 52.3259	 1.0	 0.8697721580309528	 1.0	 0.22909556	 0.45	 0.05	 2.0	 1000.0	 0	 -7.0	 75
69	 0.011377778	 0.006204174	 0.10130719	 4699	 926	 4668	 31	 651	 275	 0.121422224	 0.07821019	 0.872549	 8.576917	 28	 193.75	 4688	 2	 6.283449266638074	 52.3259	 1.0	 0.869496229503836	 1.0	 0.22888225	 0.45	 0.05	 2.0	 1000.0	 0	 -7.0	 75
70	 0.011022222	 0.0060161683	 0.09803922	 4699	 926	 4666	 33	 653	 273	 0.12177778	 0.07835119	 0.876634	 8.712145	 29	 187.10344827586206	 4688	 2	 6.160392029532071	 52.3259	 1.0	 0.874015585101884	 1.0	 0.22888225	 0.45	 0.05	 2.0	 1000.0	 0	 -7.0	 75
71	 0.010311111	 0.004324121	 0.114379086	 4707	 918	 4669	 38	 650	 268	 0.12133333	 0.078139685	 0.8721405	 8.545223	 29	 187.13793103448276	 4696	 2	 6.169815088140553	 52.3259	 1.0	 0.8750147100152641	 1.0	 0.22806644	 0.45	 0.05	 2.0	 1000.0	 0	 -7.0	 75
72	 0.0096	 0.005264147	 0.08496732	 4705	 920	 4673	 32	 646	 274	 0.121866666	 0.07825719	 0.87990195	 8.445851	 29	 187.10344827586206	 4693	 2	 6.145299409997874	 52.3259	 1.0	 0.8752585038028914	 1.0	 0.22885148	 0.45	 0.05	 2.0	 1000.0	 0	 -7.0	 75
73	 0.007466667	 0.004888137	 0.052287582	 4711	 914	 4675	 36	 644	 270	 0.121422224	 0.07835119	 0.87009805	 8.342628	 28	 193.78571428571428	 4700	 2	 6.349762558937073	 52.3259	 1.0	 0.8697167416768414	 1.0	 0.22829787	 0.45	 0.05	 2.0	 1000.0	 0	 -7.0	 75
74	 0.009422222	 0.005076142	 0.08496732	 4700	 925	 4664	 36	 655	 270	 0.121422224	 0.0784217	 0.8688725	 8.509358	 28	 193.78571428571428	 4689	 2	 6.346789581435067	 52.3259	 1.0	 0.8691268573914256	 1.0	 0.22776711	 0.45	 0.05	 2.0	 1000.0	 0	 -7.0	 75
75	 0.0090666665	 0.005076142	 0.078431375	 4703	 922	 4667	 36	 652	 270	 0.121244445	 0.078445196	 0.86519605	 8.658524	 26	 208.65384615384616	 4694	 2	 6.848608709298647	 52.3259	 1.0	 0.859178717319782	 1.0	 0.22837666	 0.45	 0.05	 2.0	 1000.0	 0	 -7.0	 75
76	 0.010844445	 0.006956195	 0.078431375	 4704	 921	 4674	 30	 645	 276	 0.12	 0.077246666	 0.8631536	 8.779201	 26	 208.6153846153846	 4695	 2	 6.781588600232051	 52.3259	 1.0	 0.8562875401515228	 1.0	 0.22768903	 0.45	 0.05	 2.0	 1000.0	 0	 -7.0	 75
77	 0.010488889	 0.004324121	 0.11764706	 4701	 924	 4669	 32	 650	 274	 0.12053333	 0.07766967	 0.8656046	 8.716877	 26	 208.6153846153846	 4692	 2	 6.767561389849736	 52.3259	 1.0	 0.8556238808310949	 1.0	 0.22804774	 0.45	 0.05	 2.0	 1000.0	 0	 -7.0	 75
78	 0.009422222	 0.0060161683	 0.068627454	 4698	 927	 4669	 29	 650	 277	 0.120177776	 0.07748167	 0.8623366	 8.61119	 26	 208.69230769230768	 4689	 2	 6.799855122199426	 52.3259	 1.0	 0.8559028448966833	 1.0	 0.22798038	 0.45	 0.05	 2.0	 1000.0	 0	 -7.0	 75
79	 0.012266667	 0.0067681894	 0.10784314	 4703	 922	 4673	 30	 646	 276	 0.12071111	 0.07785768	 0.8656046	 8.555553	 26	 208.69230769230768	 4695	 2	 6.794107290414663	 52.3259	 1.0	 0.8573448256804392	 1.0	 0.22917998	 0.45	 0.05	 2.0	 1000.0	 0	 -7.0	 75
80	 0.010844445	 0.005452153	 0.104575165	 4704	 921	 4672	 32	 647	 274	 0.120177776	 0.07734066	 0.8647876	 8.697439	 26	 208.6153846153846	 4696	 2	 6.7226158655606785	 52.3259	 1.0	 0.8548747249520742	 1.0	 0.22849233	 0.45	 0.05	 2.0	 1000.0	 0	 -7.0	 75
81	 0.011733334	 0.0047001317	 0.13398694	 4708	 917	 4675	 33	 644	 273	 0.12053333	 0.07736417	 0.87091506	 8.500572	 27	 200.74074074074073	 4699	 2	 6.443990769209685	 52.3259	 1.0	 0.8606242934862772	 1.0	 0.22877207	 0.45	 0.05	 2.0	 1000.0	 0	 -7.0	 75
82	 0.0128	 0.0073322053	 0.10784314	 4710	 915	 4680	 30	 639	 276	 0.120622225	 0.07748167	 0.8705065	 8.414335	 27	 200.77777777777777	 4701	 2	 6.4396896980426925	 52.3259	 1.0	 0.8609712675765708	 1.0	 0.22888747	 0.45	 0.05	 2.0	 1000.0	 0	 -7.0	 75
83	 0.0101333335	 0.005828163	 0.08496732	 4717	 908	 4683	 34	 636	 272	 0.12026667	 0.07722316	 0.86846405	 8.338352	 27	 200.8148148148148	 4708	 2	 6.347485935246503	 52.3259	 1.0	 0.863492786332413	 1.0	 0.22812234	 0.45	 0.05	 2.0	 1000.0	 0	 -7.0	 75
84	 0.0096	 0.004888137	 0.09150327	 4727	 898	 4693	 34	 626	 272	 0.120355554	 0.07719966	 0.8705065	 8.330213	 27	 200.85185185185185	 4719	 2	 6.364808064919931	 52.3259	 1.0	 0.8625017741212139	 1.0	 0.2278025	 0.45	 0.05	 2.0	 1000.0	 0	 -7.0	 75
85	 0.010488889	 0.005452153	 0.09803922	 4724	 901	 4692	 32	 627	 274	 0.120977774	 0.077622674	 0.8745915	 8.479359	 27	 200.85185185185185	 4716	 2	 6.488834601861459	 52.3259	 1.0	 0.8632496485003719	 1.0	 0.22879559	 0.45	 0.05	 2.0	 1000.0	 0	 -7.0	 75
86	 0.0112	 0.006392179	 0.09477124	 4729	 896	 4700	 29	 619	 277	 0.120177776	 0.07717616	 0.86764705	 8.4328375	 27	 200.85185185185185	 4721	 2	 6.4040845897462635	 52.3259	 1.0	 0.8631154105619148	 1.0	 0.227706	 0.45	 0.05	 2.0	 1000.0	 0	 -7.0	 75
87	 0.008711111	 0.0039481106	 0.09150327	 4728	 897	 4699	 29	 620	 277	 0.12026667	 0.07708216	 0.87091506	 8.589573	 27	 200.85185185185185	 4720	 2	 6.445054685627973	 52.3259	 1.0	 0.8620261395419085	 1.0	 0.22838983	 0.45	 0.05	 2.0	 1000.0	 0	 -7.0	 75
88	 0.009244445	 0.005452153	 0.0751634	 4736	 889	 4708	 28	 611	 278	 0.12026667	 0.076917656	 0.8737745	 8.628668	 28	 193.71428571428572	 4728	 2	 6.173293513911111	 52.3259	 1.0	 0.8610802622778075	 1.0	 0.22758037	 0.45	 0.05	 2.0	 1000.0	 0	 -7.0	 75
89	 0.012622222	 0.005828163	 0.13071896	 4741	 884	 4709	 32	 610	 274	 0.11991111	 0.07649464	 0.8745915	 8.766632	 28	 193.67857142857142	 4732	 2	 6.159571136747088	 52.3259	 1.0	 0.867044982101236	 1.0	 0.22696534	 0.45	 0.05	 2.0	 1000.0	 0	 -7.0	 75
90	 0.0096	 0.0047001317	 0.09477124	 4741	 884	 4710	 31	 609	 275	 0.12071111	 0.07708216	 0.87908494	 8.592657	 28	 193.67857142857142	 4732	 2	 6.149366906711033	 52.3259	 1.0	 0.8683971241116524	 1.0	 0.22781065	 0.45	 0.05	 2.0	 1000.0	 0	 -7.0	 75
91	 0.009244445	 0.005076142	 0.08169935	 4737	 888	 4705	 32	 614	 274	 0.12044445	 0.07701166	 0.8754085	 8.472588	 28	 193.67857142857142	 4727	 2	 6.2188951798847745	 52.3259	 1.0	 0.8678263468401772	 1.0	 0.22699386	 0.45	 0.05	 2.0	 1000.0	 0	 -7.0	 75
92	 0.008711111	 0.005076142	 0.07189543	 4726	 899	 4698	 28	 621	 278	 0.120355554	 0.07705866	 0.8729575	 8.625908	 28	 193.71428571428572	 4716	 2	 6.184932163783482	 52.3259	 1.0	 0.8610725232533046	 1.0	 0.2268872	 0.45	 0.05	 2.0	 1000.0	 0	 -7.0	 75
93	 0.009244445	 0.006204174	 0.062091503	 4730	 895	 4703	 27	 616	 279	 0.11973333	 0.076612145	 0.86928105	 8.697639	 28	 193.67857142857142	 4720	 2	 6.1221088000706265	 52.3259	 1.0	 0.8603670948318073	 1.0	 0.22563559	 0.45	 0.05	 2.0	 1000.0	 0	 -7.0	 75
94	 0.010488889	 0.0039481106	 0.12418301	 4743	 882	 4708	 35	 611	 271	 0.11937778	 0.076259635	 0.8688725	 8.822865	 28	 193.64285714285714	 4734	 2	 6.065766504832676	 52.3259	 1.0	 0.8613327241369656	 1.0	 0.22623575	 0.45	 0.05	 2.0	 1000.0	 0	 -7.0	 75
95	 0.011733334	 0.006956195	 0.09477124	 4735	 890	 4707	 28	 612	 278	 0.11964445	 0.07640064	 0.8713235	 8.807839	 27	 200.8148148148148	 4727	 2	 6.312690483199225	 52.3259	 1.0	 0.8612576734136652	 1.0	 0.22699386	 0.45	 0.05	 2.0	 1000.0	 0	 -7.0	 75
96	 0.008177778	 0.0047001317	 0.068627454	 4747	 878	 4714	 33	 605	 273	 0.11911111	 0.07602463	 0.8680556	 8.91467	 27	 200.8148148148148	 4739	 2	 6.309859977828132	 52.3259	 1.0	 0.8607394954672566	 1.0	 0.22641908	 0.45	 0.05	 2.0	 1000.0	 0	 -7.0	 75
97	 0.009422222	 0.0045121266	 0.09477124	 4750	 875	 4720	 30	 599	 276	 0.11937778	 0.075930625	 0.8745915	 8.974901	 28	 193.64285714285714	 4743	 2	 6.045058778354099	 52.3259	 1.0	 0.8655183176909175	 1.0	 0.22770399	 0.45	 0.05	 2.0	 1000.0	 0	 -7.0	 75
98	 0.008177778	 0.004324121	 0.0751634	 4750	 875	 4721	 29	 598	 277	 0.12	 0.07637714	 0.878268	 9.068437	 28	 193.71428571428572	 4744	 2	 6.081226672445025	 52.3259	 1.0	 0.8663121850362846	 1.0	 0.22807758	 0.45	 0.05	 2.0	 1000.0	 0	 -7.0	 75
99	 0.008888889	 0.0047001317	 0.08169935	 4762	 863	 4728	 34	 591	 272	 0.12008889	 0.07647114	 0.878268	 8.860495	 28	 193.71428571428572	 4756	 2	 6.077227745737348	 52.3259	 1.0	 0.8689912759831974	 1.0	 0.22792262	 0.45	 0.05	 2.0	 1000.0	 0	 -7.0	 75
100	 0.009955555	 0.005076142	 0.09477124	 4760	 865	 4733	 27	 586	 279	 0.11937778	 0.07597763	 0.8737745	 8.965018	 28	 193.71428571428572	 4754	 2	 6.057086689131601	 52.3259	 1.0	 0.8672690705529281	 1.0	 0.22675641	 0.45	 0.05	 2.0	 1000.0	 0	 -7.0	 75
101	 0.007466667	 0.0047001317	 0.055555556	 4758	 867	 4732	 26	 587	 280	 0.11991111	 0.07607163	 0.8819444	 8.899284	 28	 193.57142857142858	 4751	 2	 6.013252569096429	 52.3259	 1.0	 0.8678142497582095	 1.0	 0.22774152	 0.45	 0.05	 2.0	 1000.0	 0	 -7.0	 75
102	 0.008	 0.004888137	 0.062091503	 4763	 862	 4738	 25	 581	 281	 0.1192	 0.075766124	 0.874183	 8.745729	 26	 208.46153846153845	 4756	 2	 6.5031596055397625	 52.3259	 1.0	 0.8571848256083635	 1.0	 0.22603028	 0.45	 0.05	 2.0	 1000.0	 0	 -7.0	 75
103	 0.010488889	 0.005076142	 0.104575165	 4758	 867	 4731	 27	 588	 279	 0.11964445	 0.07618913	 0.875	 8.84751	 26	 208.46153846153845	 4751	 2	 6.512805824096386	 52.3259	 1.0	 0.857164621926271	 1.0	 0.22668912	 0.45	 0.05	 2.0	 1000.0	 0	 -7.0	 75
104	 0.008888889	 0.0037601052	 0.09803922	 4770	 855	 4735	 35	 584	 271	 0.118933335	 0.07539011	 0.875817	 8.949392	 27	 200.7037037037037	 4762	 2	 6.205943831691036	 52.3259	 1.0	 0.8626175909130661	 1.0	 0.2253255	 0.45	 0.05	 2.0	 1000.0	 0	 -7.0	 75
105	 0.008533333	 0.0039481106	 0.0882353	 4768	 857	 4738	 30	 581	 276	 0.11911111	 0.07555462	 0.8762255	 9.036543	 27	 200.74074074074073	 4761	 2	 6.2739279005262585	 52.3259	 1.0	 0.8622265894103933	 1.0	 0.22600295	 0.45	 0.05	 2.0	 1000.0	 0	 -7.0	 75
106	 0.009777778	 0.004136116	 0.10784314	 4759	 866	 4730	 29	 589	 277	 0.11911111	 0.07574262	 0.8729575	 9.125451	 27	 200.77777777777777	 4752	 2	 6.254265613026089	 52.3259	 1.0	 0.8623617170033632	 1.0	 0.22643098	 0.45	 0.05	 2.0	 1000.0	 0	 -7.0	 75
107	 0.0076444442	 0.0031960895	 0.08496732	 4754	 871	 4725	 29	 594	 277	 0.11937778	 0.076095134	 0.871732	 8.805102	 26	 208.57692307692307	 4747	 2	 6.616005672858312	 52.3259	 1.0	 0.8583283424377441	 1.0	 0.2260375	 0.45	 0.05	 2.0	 1000.0	 0	 -7.0	 75
108	 0.0090666665	 0.005264147	 0.0751634	 4761	 864	 4731	 30	 588	 276	 0.118933335	 0.07555462	 0.8729575	 8.91883	 26	 208.5	 4753	 2	 6.607364269403311	 52.3259	 1.0	 0.8582666871639398	 1.0	 0.22491059	 0.45	 0.05	 2.0	 1000.0	 0	 -7.0	 75
109	 0.007822222	 0.0047001317	 0.062091503	 4761	 864	 4728	 33	 591	 273	 0.11884444	 0.075578116	 0.87091506	 8.722307	 26	 208.53846153846155	 4754	 2	 6.519764808508066	 52.3259	 1.0	 0.8575212800732026	 1.0	 0.22528397	 0.45	 0.05	 2.0	 1000.0	 0	 -7.0	 75
110	 0.007822222	 0.0033840947	 0.08496732	 4759	 866	 4730	 29	 589	 277	 0.118666664	 0.075272605	 0.8729575	 8.84756	 26	 208.57692307692307	 4752	 2	 6.536103413655208	 52.3259	 1.0	 0.8587372440558213	 1.0	 0.22516835	 0.45	 0.05	 2.0	 1000.0	 0	 -7.0	 75
111	 0.0076444442	 0.0030080841	 0.0882353	 4750	 875	 4724	 26	 595	 280	 0.118933335	 0.07555462	 0.8729575	 8.716019	 27	 200.96296296296296	 4743	 2	 6.377227800863761	 52.3259	 1.0	 0.8635851569749691	 1.0	 0.22559561	 0.45	 0.05	 2.0	 1000.0	 0	 -7.0	 75
112	 0.009422222	 0.005076142	 0.08496732	 4755	 870	 4725	 30	 594	 276	 0.1184	 0.075272605	 0.8680556	 8.839787	 27	 200.85185185185185	 4747	 2	 6.377227800863761	 52.3259	 1.0	 0.8633640458186468	 1.0	 0.22477354	 0.45	 0.05	 2.0	 1000.0	 0	 -7.0	 75
113	 0.010488889	 0.0060161683	 0.0882353	 4760	 865	 4727	 33	 592	 273	 0.118311115	 0.07534311	 0.86519605	 8.693422	 26	 208.46153846153845	 4752	 2	 6.491400150152353	 52.3259	 1.0	 0.8581805252111875	 1.0	 0.22474748	 0.45	 0.05	 2.0	 1000.0	 0	 -7.0	 75
114	 0.008177778	 0.004324121	 0.0751634	 4762	 863	 4728	 34	 591	 272	 0.118488885	 0.075413615	 0.8672386	 8.641109	 26	 208.53846153846155	 4755	 2	 6.466697894609892	 52.3259	 1.0	 0.8590946220434629	 1.0	 0.2252366	 0.45	 0.05	 2.0	 1000.0	 0	 -7.0	 75
115	 0.0096	 0.004324121	 0.10130719	 4758	 867	 4727	 31	 592	 275	 0.11884444	 0.07555462	 0.8713235	 8.710491	 26	 208.6153846153846	 4751	 2	 6.49188494682312	 52.3259	 1.0	 0.8590619031053323	 1.0	 0.2256367	 0.45	 0.05	 2.0	 1000.0	 0	 -7.0	 75
116	 0.009777778	 0.005640158	 0.08169935	 4757	 868	 4731	 26	 588	 280	 0.1184	 0.0751081	 0.87091506	 8.644375	 27	 200.88888888888889	 4750	 2	 6.170430386507952	 52.3259	 1.0	 0.8628047533609249	 1.0	 0.22526316	 0.45	 0.05	 2.0	 1000.0	 0	 -7.0	 75
117	 0.008177778	 0.005264147	 0.05882353	 4759	 866	 4731	 28	 588	 278	 0.118666664	 0.07522561	 0.8737745	 8.549055	 26	 208.53846153846155	 4752	 2	 6.3441944534962	 52.3259	 1.0	 0.8581478996918752	 1.0	 0.22516835	 0.45	 0.05	 2.0	 1000.0	 0	 -7.0	 75
118	 0.007111111	 0.0037601052	 0.06535948	 4757	 868	 4727	 30	 592	 276	 0.11822222	 0.0751551	 0.86683005	 8.471133	 25	 216.88	 4749	 2	 6.693475642204285	 52.3259	 1.0	 0.8528703516721725	 1.0	 0.2244683	 0.45	 0.05	 2.0	 1000.0	 0	 -7.0	 75
119	 0.008888889	 0.004136116	 0.09150327	 4755	 870	 4725	 30	 594	 276	 0.1184	 0.07536661	 0.8664216	 8.621307	 25	 216.96	 4747	 2	 6.8309866809844975	 52.3259	 1.0	 0.8519942766427994	 1.0	 0.22435223	 0.45	 0.05	 2.0	 1000.0	 0	 -7.0	 75
120	 0.009422222	 0.004324121	 0.09803922	 4754	 871	 4724	 30	 595	 276	 0.118311115	 0.075249106	 0.86683005	 8.623524	 25	 216.92	 4746	 2	 6.778693361282349	 52.3259	 1.0	 0.8510378223657608	 1.0	 0.22418879	 0.45	 0.05	 2.0	 1000.0	 0	 -7.0	 75
121	 0.008533333	 0.004136116	 0.08496732	 4754	 871	 4722	 32	 597	 274	 0.11884444	 0.075601615	 0.8705065	 8.756964	 25	 216.92	 4746	 2	 6.769512300491333	 52.3259	 1.0	 0.851865069270134	 1.0	 0.2248209	 0.45	 0.05	 2.0	 1000.0	 0	 -7.0	 75
122	 0.010844445	 0.004888137	 0.114379086	 4755	 870	 4724	 31	 595	 275	 0.1184	 0.07531961	 0.8672386	 8.611991	 26	 208.65384615384616	 4748	 2	 6.496835516049312	 52.3259	 1.0	 0.8573394692861117	 1.0	 0.22493681	 0.45	 0.05	 2.0	 1000.0	 0	 -7.0	 75
123	 0.0069333334	 0.0039481106	 0.05882353	 4762	 863	 4729	 33	 590	 273	 0.11795556	 0.0751316	 0.8623366	 8.744153	 26	 208.65384615384616	 4756	 2	 6.44915462915714	 52.3259	 1.0	 0.8562636100328885	 1.0	 0.22413793	 0.45	 0.05	 2.0	 1000.0	 0	 -7.0	 75
124	 0.011733334	 0.006580184	 0.10130719	 4768	 857	 4732	 36	 587	 270	 0.11751111	 0.0750376	 0.8558006	 8.495351	 25	 216.92	 4761	 2	 6.72758906841278	 52.3259	 1.0	 0.8503425496816636	 1.0	 0.22306238	 0.45	 0.05	 2.0	 1000.0	 0	 -7.0	 75
125	 0.012088889	 0.006580184	 0.10784314	 4756	 869	 4723	 33	 596	 273	 0.11777778	 0.07539011	 0.85457516	 8.451262	 24	 225.91666666666666	 4748	 2	 6.95189772049586	 52.3259	 1.0	 0.8439957654724518	 1.0	 0.22304128	 0.45	 0.05	 2.0	 1000.0	 0	 -7.0	 75
126	 0.012266667	 0.0045121266	 0.14705883	 4763	 862	 4721	 42	 598	 264	 0.118488885	 0.075601615	 0.8639706	 8.350814	 24	 225.83333333333334	 4753	 2	 6.944446712732315	 52.3259	 1.0	 0.8488472780833641	 1.0	 0.22343783	 0.45	 0.05	 2.0	 1000.0	 0	 -7.0	 75
127	 0.013155555	 0.008460237	 0.09477124	 4757	 868	 4722	 35	 597	 271	 0.118488885	 0.075578116	 0.8643791	 8.509936	 23	 235.65217391304347	 4748	 2	 7.267257109932277	 52.3259	 1.0	 0.8415977592053621	 1.0	 0.22451559	 0.45	 0.05	 2.0	 1000.0	 0	 -7.0	 75
128	 0.012266667	 0.005452153	 0.13071896	 4764	 861	 4731	 33	 588	 273	 0.11902222	 0.07578962	 0.8705065	 8.668104	 25	 216.88	 4756	 2	 6.690069761276245	 52.3259	 1.0	 0.8545753335952759	 1.0	 0.22518924	 0.45	 0.05	 2.0	 1000.0	 0	 -7.0	 75
129	 0.0096	 0.005076142	 0.0882353	 4774	 851	 4740	 34	 579	 272	 0.1184	 0.07536661	 0.8664216	 8.361394	 25	 216.92	 4766	 2	 6.678804874420166	 52.3259	 1.0	 0.8564852267503739	 1.0	 0.22345783	 0.45	 0.05	 2.0	 1000.0	 0	 -7.0	 75
130	 0.011733334	 0.0060161683	 0.11111111	 4774	 851	 4740	 34	 579	 272	 0.11857778	 0.07531961	 0.8705065	 8.254984	 25	 216.8	 4765	 2	 6.68516263961792	 52.3259	 1.0	 0.8556601351499558	 1.0	 0.223085	 0.45	 0.05	 2.0	 1000.0	 0	 -7.0	 75
131	 0.0128	 0.0077082156	 0.10130719	 4780	 845	 4743	 37	 576	 269	 0.11813334	 0.07470859	 0.8729575	 8.425282	 27	 200.8148148148148	 4772	 2	 6.054743263456556	 52.3259	 1.0	 0.864300047909772	 1.0	 0.22317687	 0.45	 0.05	 2.0	 1000.0	 0	 -7.0	 75
132	 0.009777778	 0.005076142	 0.09150327	 4781	 844	 4746	 35	 573	 271	 0.117866665	 0.07435608	 0.874183	 8.578957	 27	 200.77777777777777	 4772	 2	 6.084460015650149	 52.3259	 1.0	 0.8637948063788591	 1.0	 0.2225482	 0.45	 0.05	 2.0	 1000.0	 0	 -7.0	 75
133	 0.008	 0.004324121	 0.07189543	 4774	 851	 4743	 31	 576	 275	 0.11742222	 0.074097574	 0.8705065	 8.265843	 27	 200.8148148148148	 4766	 2	 6.0357798161330045	 52.3259	 1.0	 0.8620314901625669	 1.0	 0.22282837	 0.45	 0.05	 2.0	 1000.0	 0	 -7.0	 75
134	 0.010844445	 0.005076142	 0.11111111	 4775	 850	 4748	 27	 571	 279	 0.1176	 0.07445008	 0.86764705	 8.432945	 25	 216.96	 4767	 2	 6.729696321487427	 52.3259	 1.0	 0.8540498399734497	 1.0	 0.22278163	 0.45	 0.05	 2.0	 1000.0	 0	 -7.0	 75
135	 0.008533333	 0.0039481106	 0.0882353	 4779	 846	 4747	 32	 572	 274	 0.117866665	 0.074591085	 0.87009805	 8.181135	 26	 208.69230769230768	 4772	 2	 6.490332144957322	 52.3259	 1.0	 0.8618135165709716	 1.0	 0.22359598	 0.45	 0.05	 2.0	 1000.0	 0	 -7.0	 75
136	 0.008533333	 0.0045121266	 0.078431375	 4783	 842	 4751	 32	 568	 274	 0.11768889	 0.07445008	 0.86928105	 8.155819	 26	 208.65384615384616	 4776	 2	 6.424210199942956	 52.3259	 1.0	 0.8625693888618395	 1.0	 0.22319932	 0.45	 0.05	 2.0	 1000.0	 0	 -7.0	 75
137	 0.009777778	 0.0039481106	 0.11111111	 4780	 845	 4752	 28	 567	 278	 0.11751111	 0.074238576	 0.8696895	 8.290303	 26	 208.65384615384616	 4773	 2	 6.386182381556584	 52.3259	 1.0	 0.860167730313081	 1.0	 0.22271109	 0.45	 0.05	 2.0	 1000.0	 0	 -7.0	 75
138	 0.009955555	 0.004324121	 0.10784314	 4794	 831	 4761	 33	 558	 273	 0.11733333	 0.07414458	 0.8680556	 8.453852	 26	 208.57692307692307	 4787	 2	 6.342007077657259	 52.3259	 1.0	 0.8610444206457871	 1.0	 0.22185084	 0.45	 0.05	 2.0	 1000.0	 0	 -7.0	 75
139	 0.010311111	 0.0047001317	 0.10784314	 4796	 829	 4764	 32	 555	 274	 0.11715555	 0.07398007	 0.86764705	 8.214411	 26	 208.53846153846155	 4789	 2	 6.291926824129545	 52.3259	 1.0	 0.8540177482825059	 1.0	 0.22134057	 0.45	 0.05	 2.0	 1000.0	 0	 -7.0	 75
140	 0.007111111	 0.004136116	 0.05882353	 4794	 831	 4764	 30	 555	 276	 0.11706667	 0.074050575	 0.8647876	 8.3873005	 25	 216.88	 4787	 2	 6.603587808609009	 52.3259	 1.0	 0.8541540664434433	 1.0	 0.22122414	 0.45	 0.05	 2.0	 1000.0	 0	 -7.0	 75
141	 0.010844445	 0.005264147	 0.10784314	 4797	 828	 4760	 37	 559	 269	 0.11706667	 0.074074075	 0.8643791	 8.52762	 25	 216.8	 4789	 2	 6.527329339981079	 52.3259	 1.0	 0.8536483931541443	 1.0	 0.22050533	 0.45	 0.05	 2.0	 1000.0	 0	 -7.0	 75
142	 0.012444444	 0.0077082156	 0.09477124	 4803	 822	 4765	 38	 554	 268	 0.1168	 0.07395657	 0.86151963	 8.677273	 25	 216.88	 4797	 2	 6.423213872909546	 52.3259	 1.0	 0.8480569207668305	 1.0	 0.22159684	 0.45	 0.05	 2.0	 1000.0	 0	 -7.0	 75
143	 0.011022222	 0.0060161683	 0.09803922	 4807	 818	 4775	 32	 544	 274	 0.117244445	 0.07430908	 0.8635621	 8.551604	 26	 208.57692307692307	 4800	 2	 6.3522136853291435	 52.3259	 1.0	 0.8597495670502002	 1.0	 0.22041667	 0.45	 0.05	 2.0	 1000.0	 0	 -7.0	 75
144	 0.013155555	 0.006956195	 0.12091503	 4805	 820	 4776	 29	 543	 277	 0.116444446	 0.07313405	 0.86928105	 8.584647	 26	 208.5	 4798	 2	 6.189994069246145	 52.3259	 1.0	 0.8580985963344574	 1.0	 0.22050855	 0.45	 0.05	 2.0	 1000.0	 0	 -7.0	 75
145	 0.0096	 0.005640158	 0.078431375	 4803	 822	 4778	 25	 541	 281	 0.11671111	 0.07351006	 0.86764705	 8.721163	 27	 200.92592592592592	 4797	 2	 6.106569775828609	 52.3259	 1.0	 0.8628834320439233	 1.0	 0.2211799	 0.45	 0.05	 2.0	 1000.0	 0	 -7.0	 75
146	 0.009955555	 0.0035721	 0.12091503	 4805	 820	 4777	 28	 542	 278	 0.1168	 0.07367456	 0.8664216	 8.8378525	 27	 200.92592592592592	 4798	 2	 6.006106385478267	 52.3259	 1.0	 0.8601470048780795	 1.0	 0.22050855	 0.45	 0.05	 2.0	 1000.0	 0	 -7.0	 75
147	 0.013511111	 0.006956195	 0.12745099	 4811	 814	 4780	 31	 539	 275	 0.11626667	 0.07325155	 0.8639706	 8.77748	 26	 208.69230769230768	 4804	 2	 6.342979357792781	 52.3259	 1.0	 0.8600499693017739	 1.0	 0.21919234	 0.45	 0.05	 2.0	 1000.0	 0	 -7.0	 75
148	 0.0101333335	 0.0047001317	 0.104575165	 4820	 805	 4785	 35	 534	 271	 0.11688889	 0.07355706	 0.87009805	 8.636935	 26	 208.6153846153846	 4813	 2	 6.281159923626826	 52.3259	 1.0	 0.8630204321100161	 1.0	 0.22044463	 0.45	 0.05	 2.0	 1000.0	 0	 -7.0	 75
149	 0.010844445	 0.006580184	 0.08496732	 4811	 814	 4782	 29	 537	 277	 0.11715555	 0.073745064	 0.871732	 8.476548	 25	 216.92	 4803	 2	 6.571437425613404	 52.3259	 1.0	 0.8525165051221848	 1.0	 0.220279	 0.45	 0.05	 2.0	 1000.0	 0	 -7.0	 75
150	 0.010666667	 0.004888137	 0.11111111	 4823	 802	 4786	 37	 533	 269	 0.116	 0.07292254	 0.8647876	 8.370503	 25	 216.92	 4816	 2	 6.449132151603699	 52.3259	 1.0	 0.8577545809745789	 1.0	 0.2192691	 0.45	 0.05	 2.0	 1000.0	 0	 -7.0	 75
151	 0.011733334	 0.005264147	 0.12418301	 4819	 806	 4788	 31	 531	 275	 0.11573333	 0.072734535	 0.8631536	 8.529275	 26	 208.6153846153846	 4812	 2	 6.238428235054016	 52.3259	 1.0	 0.8564829820623765	 1.0	 0.21820448	 0.45	 0.05	 2.0	 1000.0	 0	 -7.0	 75
152	 0.012266667	 0.005640158	 0.12745099	 4834	 791	 4798	 36	 521	 270	 0.11591111	 0.07259353	 0.8688725	 8.451878	 26	 208.5	 4827	 2	 6.209421240366423	 52.3259	 1.0	 0.8614798337221146	 1.0	 0.21835509	 0.45	 0.05	 2.0	 1000.0	 0	 -7.0	 75
153	 0.0090666665	 0.005264147	 0.0751634	 4827	 798	 4802	 25	 517	 281	 0.11608889	 0.07259353	 0.8721405	 8.604806	 26	 208.53846153846155	 4820	 2	 6.171009237949665	 52.3259	 1.0	 0.8606721953703806	 1.0	 0.21846473	 0.45	 0.05	 2.0	 1000.0	 0	 -7.0	 75
154	 0.0101333335	 0.004888137	 0.10130719	 4822	 803	 4798	 24	 521	 282	 0.116177775	 0.07280504	 0.87009805	 8.36525	 26	 208.5	 4814	 2	 6.178384670844445	 52.3259	 1.0	 0.8628661151115711	 1.0	 0.21852928	 0.45	 0.05	 2.0	 1000.0	 0	 -7.0	 75
155	 0.011377778	 0.004136116	 0.13725491	 4828	 797	 4800	 28	 519	 278	 0.116	 0.07242903	 0.873366	 8.276844	 26	 208.5	 4821	 2	 6.127001358912541	 52.3259	 1.0	 0.8610158258905778	 1.0	 0.21862684	 0.45	 0.05	 2.0	 1000.0	 0	 -7.0	 75
156	 0.0112	 0.005640158	 0.10784314	 4829	 796	 4804	 25	 515	 281	 0.11608889	 0.07235853	 0.8762255	 8.2187395	 26	 208.5	 4823	 2	 6.109663834938636	 52.3259	 1.0	 0.8597646195154923	 1.0	 0.2191582	 0.45	 0.05	 2.0	 1000.0	 0	 -7.0	 75
157	 0.010488889	 0.0047001317	 0.11111111	 4832	 793	 4803	 29	 516	 277	 0.115555555	 0.07228802	 0.86764705	 8.394408	 26	 208.57692307692307	 4826	 2	 6.112887730965247	 52.3259	 1.0	 0.8541109183659921	 1.0	 0.21860754	 0.45	 0.05	 2.0	 1000.0	 0	 -7.0	 75
158	 0.010844445	 0.0060161683	 0.09477124	 4841	 784	 4811	 30	 508	 276	 0.114933334	 0.071865015	 0.8635621	 8.196129	 25	 216.84	 4835	 2	 6.31910364151001	 52.3259	 1.0	 0.8547715830802918	 1.0	 0.21778697	 0.45	 0.05	 2.0	 1000.0	 0	 -7.0	 75
159	 0.0112	 0.007896221	 0.068627454	 4830	 795	 4807	 23	 512	 283	 0.11502222	 0.07174751	 0.8672386	 8.378173	 25	 216.96	 4825	 2	 6.324763536453247	 52.3259	 1.0	 0.8537370204925537	 1.0	 0.21906736	 0.45	 0.05	 2.0	 1000.0	 0	 -7.0	 75
160	 0.008355555	 0.005264147	 0.062091503	 4829	 796	 4803	 26	 516	 280	 0.114933334	 0.07167701	 0.86683005	 8.531872	 25	 216.92	 4824	 2	 6.341077394485474	 52.3259	 1.0	 0.8535494601726532	 1.0	 0.21890548	 0.45	 0.05	 2.0	 1000.0	 0	 -7.0	 75
161	 0.012444444	 0.006580184	 0.114379086	 4841	 784	 4812	 29	 507	 277	 0.114755556	 0.071512505	 0.8664216	 8.283013	 26	 208.53846153846155	 4836	 2	 6.062334005649273	 52.3259	 1.0	 0.8583263021249038	 1.0	 0.21856907	 0.45	 0.05	 2.0	 1000.0	 0	 -7.0	 75
162	 0.011022222	 0.004888137	 0.11764706	 4841	 784	 4814	 27	 505	 279	 0.11466666	 0.07125399	 0.86928105	 8.129465	 26	 208.53846153846155	 4836	 2	 6.098453883941357	 52.3259	 1.0	 0.8580826572500743	 1.0	 0.21794872	 0.45	 0.05	 2.0	 1000.0	 0	 -7.0	 75
163	 0.011733334	 0.0045121266	 0.13725491	 4843	 782	 4816	 27	 503	 279	 0.11448889	 0.071183495	 0.8672386	 8.055679	 26	 208.5	 4837	 2	 6.029284912806291	 52.3259	 1.0	 0.85827675060584	 1.0	 0.21728344	 0.45	 0.05	 2.0	 1000.0	 0	 -7.0	 75
164	 0.010666667	 0.006204174	 0.0882353	 4859	 766	 4827	 32	 492	 274	 0.11484444	 0.0712775	 0.8721405	 8.012429	 26	 208.5	 4853	 2	 6.028529052550976	 52.3259	 1.0	 0.8625760405109479	 1.0	 0.21677314	 0.45	 0.05	 2.0	 1000.0	 0	 -7.0	 75
165	 0.008177778	 0.004324121	 0.0751634	 4863	 762	 4830	 33	 489	 273	 0.114311114	 0.07076048	 0.8713235	 8.082422	 26	 208.53846153846155	 4858	 2	 5.994654086919931	 52.3259	 1.0	 0.8616503179073334	 1.0	 0.21675587	 0.45	 0.05	 2.0	 1000.0	 0	 -7.0	 75
166	 0.0096	 0.004136116	 0.104575165	 4869	 756	 4834	 35	 485	 271	 0.11448889	 0.070877984	 0.872549	 8.265244	 26	 208.46153846153845	 4863	 2	 5.940494995850783	 52.3259	 1.0	 0.8620935632632329	 1.0	 0.2159161	 0.45	 0.05	 2.0	 1000.0	 0	 -7.0	 75
167	 0.008888889	 0.004888137	 0.078431375	 4867	 758	 4842	 25	 477	 281	 0.11466666	 0.070830986	 0.876634	 8.147736	 27	 200.77777777777777	 4862	 2	 5.678243486969559	 52.3259	 1.0	 0.8670599410931269	 1.0	 0.21719457	 0.45	 0.05	 2.0	 1000.0	 0	 -7.0	 75
168	 0.008711111	 0.005452153	 0.06535948	 4864	 761	 4837	 27	 482	 279	 0.1144	 0.07078398	 0.872549	 8.32961	 25	 216.84	 4860	 2	 6.196893610954285	 52.3259	 1.0	 0.8548823767900466	 1.0	 0.2170782	 0.45	 0.05	 2.0	 1000.0	 0	 -7.0	 75
169	 0.008	 0.005076142	 0.05882353	 4869	 756	 4840	 29	 479	 277	 0.1144	 0.07061948	 0.8754085	 8.3515005	 25	 216.8	 4865	 2	 6.140927562713623	 52.3259	 1.0	 0.8560864979028702	 1.0	 0.2168551	 0.45	 0.05	 2.0	 1000.0	 0	 -7.0	 75
170	 0.0069333334	 0.0033840947	 0.068627454	 4864	 761	 4838	 26	 481	 280	 0.114133336	 0.070501976	 0.872549	 8.517883	 25	 216.84	 4860	 2	 6.15623685836792	 52.3259	 1.0	 0.8560282564163209	 1.0	 0.21687242	 0.45	 0.05	 2.0	 1000.0	 0	 -7.0	 75
171	 0.0069333334	 0.0031960895	 0.07189543	 4875	 750	 4845	 30	 474	 276	 0.11395556	 0.07026697	 0.873366	 8.302637	 25	 216.76	 4871	 2	 6.068382687568665	 52.3259	 1.0	 0.8562824648618698	 1.0	 0.21597208	 0.45	 0.05	 2.0	 1000.0	 0	 -7.0	 75
172	 0.0096	 0.004324121	 0.10130719	 4871	 754	 4840	 31	 479	 275	 0.11377778	 0.07045497	 0.86683005	 8.470694	 25	 216.84	 4867	 2	 6.1404483604431155	 52.3259	 1.0	 0.8565019756555557	 1.0	 0.21614958	 0.45	 0.05	 2.0	 1000.0	 0	 -7.0	 75
173	 0.011377778	 0.005452153	 0.114379086	 4881	 744	 4851	 30	 468	 276	 0.113866664	 0.07010246	 0.8745915	 8.163733	 24	 225.70833333333334	 4877	 2	 6.260228758056958	 52.3259	 1.0	 0.8493100516498089	 1.0	 0.21611646	 0.45	 0.05	 2.0	 1000.0	 0	 -7.0	 75
174	 0.009422222	 0.0039481106	 0.104575165	 4876	 749	 4850	 26	 469	 280	 0.11448889	 0.070525475	 0.8786765	 8.344452	 26	 208.42307692307693	 4872	 2	 5.842964965563554	 52.3259	 1.0	 0.8619322759600786	 1.0	 0.21633826	 0.45	 0.05	 2.0	 1000.0	 0	 -7.0	 75
175	 0.011733334	 0.006204174	 0.10784314	 4872	 753	 4847	 25	 472	 281	 0.11377778	 0.07029047	 0.8696895	 8.484063	 26	 208.3846153846154	 4868	 2	 5.922392354561732	 52.3259	 1.0	 0.8605889511796144	 1.0	 0.21610518	 0.45	 0.05	 2.0	 1000.0	 0	 -7.0	 75
176	 0.0090666665	 0.0037601052	 0.10130719	 4877	 748	 4853	 24	 466	 282	 0.11422222	 0.070219964	 0.87908494	 8.437481	 26	 208.46153846153845	 4873	 2	 5.922392354561732	 52.3259	 1.0	 0.8625684128357813	 1.0	 0.2169095	 0.45	 0.05	 2.0	 1000.0	 0	 -7.0	 75
177	 0.008711111	 0.0045121266	 0.08169935	 4876	 749	 4851	 25	 468	 281	 0.113866664	 0.07029047	 0.8713235	 8.534807	 27	 200.74074074074073	 4872	 2	 5.716917042379026	 52.3259	 1.0	 0.8653857205752973	 1.0	 0.21551724	 0.45	 0.05	 2.0	 1000.0	 0	 -7.0	 75
178	 0.009422222	 0.005264147	 0.08169935	 4877	 748	 4855	 22	 464	 284	 0.114133336	 0.07047848	 0.8729575	 8.668812	 26	 208.42307692307693	 4873	 2	 5.995771421835973	 52.3259	 1.0	 0.8636066243052483	 1.0	 0.21649908	 0.45	 0.05	 2.0	 1000.0	 0	 -7.0	 75
179	 0.009777778	 0.0047001317	 0.09803922	 4872	 753	 4850	 22	 469	 284	 0.113688886	 0.070172966	 0.87009805	 8.777788	 25	 216.84	 4868	 2	 6.14877498626709	 52.3259	 1.0	 0.8564459282159805	 1.0	 0.21589975	 0.45	 0.05	 2.0	 1000.0	 0	 -7.0	 75
180	 0.008177778	 0.004324121	 0.0751634	 4878	 747	 4849	 29	 470	 277	 0.11377778	 0.070172966	 0.871732	 8.893838	 24	 225.91666666666666	 4874	 2	 6.394885977109273	 52.3259	 1.0	 0.8564126882702112	 1.0	 0.21563397	 0.45	 0.05	 2.0	 1000.0	 0	 -7.0	 75
181	 0.009777778	 0.006204174	 0.07189543	 4883	 742	 4856	 27	 463	 279	 0.11351111	 0.07000846	 0.8696895	 8.687103	 24	 225.91666666666666	 4879	 2	 6.350604226191838	 52.3259	 1.0	 0.8566059023141861	 1.0	 0.21500307	 0.45	 0.05	 2.0	 1000.0	 0	 -7.0	 75
182	 0.011555555	 0.0047001317	 0.13071896	 4888	 737	 4853	 35	 466	 271	 0.113244444	 0.069843955	 0.86764705	 8.734385	 24	 225.91666666666666	 4884	 2	 6.306245505809784	 52.3259	 1.0	 0.8571526712427536	 1.0	 0.21396397	 0.45	 0.05	 2.0	 1000.0	 0	 -7.0	 75
183	 0.008888889	 0.0037601052	 0.09803922	 4888	 737	 4857	 31	 462	 275	 0.112444445	 0.06939744	 0.86070263	 8.586687	 24	 225.91666666666666	 4884	 2	 6.315045078595479	 52.3259	 1.0	 0.8563607254376014	 1.0	 0.21355446	 0.45	 0.05	 2.0	 1000.0	 0	 -7.0	 75
184	 0.012977778	 0.005640158	 0.14052288	 4879	 746	 4851	 28	 468	 278	 0.11288889	 0.06960895	 0.86519605	 8.467245	 25	 216.76	 4874	 2	 6.0331186676025395	 52.3259	 1.0	 0.8594207042455673	 1.0	 0.21440296	 0.45	 0.05	 2.0	 1000.0	 0	 -7.0	 75
185	 0.0096	 0.0047001317	 0.09477124	 4889	 736	 4856	 33	 463	 273	 0.11253333	 0.069326945	 0.8635621	 8.390864	 25	 216.72	 4884	 2	 6.00956314086914	 52.3259	 1.0	 0.8597045171260834	 1.0	 0.21375921	 0.45	 0.05	 2.0	 1000.0	 0	 -7.0	 75
186	 0.010844445	 0.005452153	 0.104575165	 4890	 735	 4863	 27	 456	 279	 0.11315556	 0.069514945	 0.871732	 8.415746	 24	 225.70833333333334	 4886	 2	 6.207636783520381	 52.3259	 1.0	 0.8578133458892504	 1.0	 0.21530905	 0.45	 0.05	 2.0	 1000.0	 0	 -7.0	 75
187	 0.011022222	 0.004324121	 0.12745099	 4898	 727	 4866	 32	 453	 274	 0.113066666	 0.06946795	 0.87091506	 8.417971	 24	 225.66666666666666	 4893	 2	 6.179689556360245	 52.3259	 1.0	 0.8624766506254673	 1.0	 0.2152054	 0.45	 0.05	 2.0	 1000.0	 0	 -7.0	 75
188	 0.009955555	 0.004136116	 0.11111111	 4894	 731	 4866	 28	 453	 278	 0.112444445	 0.06892743	 0.8688725	 8.38606	 24	 225.66666666666666	 4889	 2	 6.051253954569499	 52.3259	 1.0	 0.8665510502954324	 1.0	 0.21476784	 0.45	 0.05	 2.0	 1000.0	 0	 -7.0	 75
189	 0.011911111	 0.005076142	 0.13071896	 4899	 726	 4873	 26	 446	 280	 0.1128	 0.06920944	 0.8705065	 8.331761	 25	 216.72	 4895	 2	 5.926185894012451	 52.3259	 1.0	 0.8768662309646607	 1.0	 0.21409601	 0.45	 0.05	 2.0	 1000.0	 0	 -7.0	 75
190	 0.0101333335	 0.0047001317	 0.104575165	 4892	 733	 4870	 22	 449	 284	 0.11288889	 0.06911544	 0.8737745	 8.497114	 24	 225.79166666666666	 4888	 2	 6.215621307492256	 52.3259	 1.0	 0.8664427523811659	 1.0	 0.21440262	 0.45	 0.05	 2.0	 1000.0	 0	 -7.0	 75
191	 0.005866667	 0.0033840947	 0.04901961	 4895	 730	 4870	 25	 449	 281	 0.112622224	 0.068833426	 0.8737745	 8.433641	 24	 225.83333333333334	 4891	 2	 6.2055112818876905	 52.3259	 1.0	 0.8721403355399767	 1.0	 0.21406665	 0.45	 0.05	 2.0	 1000.0	 0	 -7.0	 75
192	 0.010844445	 0.006956195	 0.078431375	 4900	 725	 4873	 27	 446	 279	 0.11173333	 0.0679169	 0.873366	 8.58577	 23	 235.52173913043478	 4896	 2	 6.323544823605081	 52.3259	 1.0	 0.866047129034996	 1.0	 0.2128268	 0.45	 0.05	 2.0	 1000.0	 0	 -7.0	 75
193	 0.010666667	 0.005264147	 0.104575165	 4900	 725	 4879	 21	 440	 285	 0.112177774	 0.06819891	 0.876634	 8.350324	 23	 235.52173913043478	 4897	 2	 6.31953710058461	 52.3259	 1.0	 0.8656408112982045	 1.0	 0.21380436	 0.45	 0.05	 2.0	 1000.0	 0	 -7.0	 75
194	 0.008177778	 0.004324121	 0.0751634	 4910	 715	 4882	 28	 437	 278	 0.112177774	 0.06812841	 0.8778595	 8.455283	 23	 235.43478260869566	 4907	 2	 6.250133908313254	 52.3259	 1.0	 0.8676879626253376	 1.0	 0.21377623	 0.45	 0.05	 2.0	 1000.0	 0	 -7.0	 75
195	 0.008888889	 0.0045121266	 0.08496732	 4904	 721	 4880	 24	 439	 282	 0.11191111	 0.06808141	 0.8737745	 8.5552635	 23	 235.56521739130434	 4901	 2	 6.421659158623737	 52.3259	 1.0	 0.8660411173882692	 1.0	 0.2128137	 0.45	 0.05	 2.0	 1000.0	 0	 -7.0	 75
196	 0.010844445	 0.0045121266	 0.12091503	 4907	 718	 4884	 23	 435	 283	 0.11191111	 0.068010904	 0.875	 8.694929	 24	 225.75	 4904	 2	 6.150820483764012	 52.3259	 1.0	 0.870193458472689	 1.0	 0.21309136	 0.45	 0.05	 2.0	 1000.0	 0	 -7.0	 75
197	 0.0053333333	 0.0018800526	 0.06535948	 4911	 714	 4884	 27	 435	 279	 0.112177774	 0.068151906	 0.877451	 8.624169	 24	 225.70833333333334	 4908	 2	 6.096615821123123	 52.3259	 1.0	 0.8724043040225903	 1.0	 0.21393643	 0.45	 0.05	 2.0	 1000.0	 0	 -7.0	 75
198	 0.007288889	 0.0037601052	 0.068627454	 4906	 719	 4882	 24	 437	 282	 0.11164445	 0.0679404	 0.8713235	 8.663471	 24	 225.66666666666666	 4902	 2	 6.060338904460271	 52.3259	 1.0	 0.8661743296931187	 1.0	 0.21358629	 0.45	 0.05	 2.0	 1000.0	 0	 -7.0	 75
199	 0.010488889	 0.004324121	 0.11764706	 4907	 718	 4881	 26	 438	 280	 0.111377776	 0.0678464	 0.8680556	 8.622256	 25	 216.64	 4904	 2	 5.7632130432128905	 52.3259	 1.0	 0.8726702690124511	 1.0	 0.21349919	 0.45	 0.05	 2.0	 1000.0	 0	 -7.0	 75
200	 0.010311111	 0.004136116	 0.11764706	 4915	 710	 4883	 32	 436	 274	 0.11164445	 0.0679169	 0.871732	 8.522116	 25	 216.72	 4912	 2	 5.79033109664917	 52.3259	 1.0	 0.8749328655004501	 1.0	 0.21294789	 0.45	 0.05	 2.0	 1000.0	 0	 -7.0	 75
201	 0.008533333	 0.004136116	 0.08496732	 4911	 714	 4887	 24	 432	 282	 0.11173333	 0.067822896	 0.875	 8.422342	 25	 216.64	 4908	 2	 5.831644201278687	 52.3259	 1.0	 0.8741433817148209	 1.0	 0.21373267	 0.45	 0.05	 2.0	 1000.0	 0	 -7.0	 75
202	 0.008711111	 0.002820079	 0.11111111	 4912	 713	 4890	 22	 429	 284	 0.111822225	 0.0678934	 0.8754085	 8.325816	 25	 216.64	 4909	 2	 5.792227087020874	 52.3259	 1.0	 0.8743282568454742	 1.0	 0.21389285	 0.45	 0.05	 2.0	 1000.0	 0	 -7.0	 75
203	 0.008711111	 0.0031960895	 0.104575165	 4919	 706	 4891	 28	 428	 278	 0.11191111	 0.0678699	 0.877451	 8.429161	 25	 216.56	 4916	 2	 5.688874731063843	 52.3259	 1.0	 0.8757132560014724	 1.0	 0.21399511	 0.45	 0.05	 2.0	 1000.0	 0	 -7.0	 75
204	 0.0101333335	 0.0037601052	 0.12091503	 4910	 715	 4887	 23	 432	 283	 0.112177774	 0.0679404	 0.8811275	 8.595689	 25	 216.56	 4906	 2	 5.8134236145019536	 52.3259	 1.0	 0.8682151478528977	 1.0	 0.21422748	 0.45	 0.05	 2.0	 1000.0	 0	 -7.0	 75
205	 0.009777778	 0.004888137	 0.09477124	 4911	 714	 4891	 20	 428	 286	 0.111377776	 0.067305885	 0.877451	 8.480131	 25	 216.68	 4908	 2	 5.743331384658814	 52.3259	 1.0	 0.8685335844755173	 1.0	 0.21373267	 0.45	 0.05	 2.0	 1000.0	 0	 -7.0	 75
206	 0.008177778	 0.0016920473	 0.12091503	 4919	 706	 4892	 27	 427	 279	 0.11111111	 0.06690637	 0.8794935	 8.454372	 25	 216.64	 4916	 2	 5.673234014511109	 52.3259	 1.0	 0.873097226023674	 1.0	 0.21318145	 0.45	 0.05	 2.0	 1000.0	 0	 -7.0	 75
207	 0.005511111	 0.0024440684	 0.05882353	 4912	 713	 4891	 21	 428	 285	 0.11102222	 0.06676537	 0.8803105	 8.388988	 25	 216.6	 4909	 2	 5.631461744308472	 52.3259	 1.0	 0.8717823338508606	 1.0	 0.21368915	 0.45	 0.05	 2.0	 1000.0	 0	 -7.0	 75
208	 0.008533333	 0.0031960895	 0.10130719	 4920	 705	 4894	 26	 425	 280	 0.11093333	 0.06650686	 0.88316995	 8.546355	 24	 225.54166666666666	 4917	 2	 5.7671738763650255	 52.3259	 1.0	 0.867954553415378	 1.0	 0.21354485	 0.45	 0.05	 2.0	 1000.0	 0	 -7.0	 75
209	 0.007822222	 0.0037601052	 0.078431375	 4930	 695	 4904	 26	 415	 280	 0.11057778	 0.06641286	 0.878268	 8.624989	 25	 216.6	 4927	 2	 5.62979796409607	 52.3259	 1.0	 0.8737460899353028	 1.0	 0.21250254	 0.45	 0.05	 2.0	 1000.0	 0	 -7.0	 75
210	 0.007466667	 0.0035721	 0.0751634	 4926	 699	 4901	 25	 418	 281	 0.11048889	 0.06650686	 0.875	 8.755678	 25	 216.68	 4923	 2	 5.71243655204773	 52.3259	 1.0	 0.8741058701276779	 1.0	 0.21247207	 0.45	 0.05	 2.0	 1000.0	 0	 -7.0	 75
211	 0.0076444442	 0.0033840947	 0.08169935	 4931	 694	 4905	 26	 414	 280	 0.1104	 0.06650686	 0.873366	 8.513167	 25	 216.68	 4928	 2	 5.695636730194092	 52.3259	 1.0	 0.8733797657489777	 1.0	 0.21185064	 0.45	 0.05	 2.0	 1000.0	 0	 -7.0	 75
212	 0.008	 0.002820079	 0.09803922	 4930	 695	 4910	 20	 409	 286	 0.11093333	 0.06681237	 0.8778595	 8.661789	 25	 216.56	 4927	 2	 5.6167182350158695	 52.3259	 1.0	 0.8734055888652802	 1.0	 0.21250254	 0.45	 0.05	 2.0	 1000.0	 0	 -7.0	 75
213	 0.008711111	 0.0037601052	 0.09477124	 4937	 688	 4912	 25	 407	 281	 0.11102222	 0.06688287	 0.878268	 8.615173	 24	 225.625	 4934	 2	 5.9839531282583875	 52.3259	 1.0	 0.8708042160918316	 1.0	 0.2117957	 0.45	 0.05	 2.0	 1000.0	 0	 -7.0	 75
214	 0.0076444442	 0.0039481106	 0.07189543	 4932	 693	 4913	 19	 406	 287	 0.111555554	 0.06725888	 0.88153595	 8.672099	 24	 225.58333333333334	 4929	 2	 5.969850689172745	 52.3259	 1.0	 0.8708140651384989	 1.0	 0.21322784	 0.45	 0.05	 2.0	 1000.0	 0	 -7.0	 75
215	 0.0067555555	 0.0026320736	 0.078431375	 4936	 689	 4913	 23	 406	 283	 0.11102222	 0.06688287	 0.878268	 8.805127	 24	 225.54166666666666	 4933	 2	 5.852345655361812	 52.3259	 1.0	 0.8690839856863022	 1.0	 0.21224406	 0.45	 0.05	 2.0	 1000.0	 0	 -7.0	 75
216	 0.007466667	 0.0033840947	 0.078431375	 4940	 685	 4915	 25	 404	 281	 0.111822225	 0.06721188	 0.8872549	 8.713444	 25	 216.48	 4937	 2	 5.549260311126709	 52.3259	 1.0	 0.8762476426362992	 1.0	 0.21328743	 0.45	 0.05	 2.0	 1000.0	 0	 -7.0	 75
217	 0.008	 0.004888137	 0.062091503	 4933	 692	 4913	 20	 406	 286	 0.111822225	 0.06723538	 0.8868464	 8.821726	 25	 216.48	 4930	 2	 5.576221117973327	 52.3259	 1.0	 0.8757965040206909	 1.0	 0.2137931	 0.45	 0.05	 2.0	 1000.0	 0	 -7.0	 75
218	 0.008	 0.004136116	 0.0751634	 4946	 679	 4917	 29	 402	 277	 0.11102222	 0.06676537	 0.8803105	 8.695835	 24	 225.45833333333334	 4943	 2	 5.726457526286443	 52.3259	 1.0	 0.869717520972093	 1.0	 0.2122193	 0.45	 0.05	 2.0	 1000.0	 0	 -7.0	 75
219	 0.009422222	 0.0035721	 0.11111111	 4947	 678	 4914	 33	 405	 273	 0.11102222	 0.06685937	 0.8786765	 8.819828	 24	 225.45833333333334	 4944	 2	 5.683505107959111	 52.3259	 1.0	 0.8637309757371744	 1.0	 0.21217638	 0.45	 0.05	 2.0	 1000.0	 0	 -7.0	 75
220	 0.009955555	 0.004324121	 0.10784314	 4941	 684	 4917	 24	 402	 282	 0.11093333	 0.06683587	 0.877451	 8.896421	 24	 225.45833333333334	 4938	 2	 5.711565723021825	 52.3259	 1.0	 0.8695867229253054	 1.0	 0.21243419	 0.45	 0.05	 2.0	 1000.0	 0	 -7.0	 75
221	 0.007466667	 0.0030080841	 0.08496732	 4941	 684	 4919	 22	 400	 284	 0.111822225	 0.06742339	 0.8835784	 8.871212	 25	 216.52	 4938	 2	 5.5883739566802975	 52.3259	 1.0	 0.8715692508220673	 1.0	 0.21304172	 0.45	 0.05	 2.0	 1000.0	 0	 -7.0	 75
222	 0.008711111	 0.005452153	 0.06535948	 4938	 687	 4918	 20	 401	 286	 0.1112	 0.06681237	 0.8827614	 8.751157	 25	 216.56	 4935	 2	 5.6024088954925535	 52.3259	 1.0	 0.8751067584753036	 1.0	 0.2123607	 0.45	 0.05	 2.0	 1000.0	 0	 -7.0	 75
223	 0.0064	 0.002820079	 0.068627454	 4934	 691	 4917	 17	 402	 289	 0.11146667	 0.06690637	 0.8860294	 8.871415	 25	 216.4	 4931	 2	 5.523556356430054	 52.3259	 1.0	 0.8728238135576248	 1.0	 0.21354695	 0.45	 0.05	 2.0	 1000.0	 0	 -7.0	 75
224	 0.008	 0.0024440684	 0.104575165	 4943	 682	 4922	 21	 397	 285	 0.1112	 0.06674187	 0.88398695	 8.728658	 25	 216.4	 4940	 2	 5.529469404220581	 52.3259	 1.0	 0.874247984290123	 1.0	 0.21336032	 0.45	 0.05	 2.0	 1000.0	 0	 -7.0	 75
225	 0.0069333334	 0.002820079	 0.078431375	 4938	 687	 4921	 17	 398	 289	 0.11093333	 0.066459864	 0.88398695	 8.846771	 25	 216.48	 4935	 2	 5.568332509994507	 52.3259	 1.0	 0.8726749503612519	 1.0	 0.21276596	 0.45	 0.05	 2.0	 1000.0	 0	 -7.0	 75
226	 0.007466667	 0.0026320736	 0.09150327	 4938	 687	 4917	 21	 402	 285	 0.11102222	 0.06655386	 0.88398695	 8.629697	 25	 216.4	 4935	 2	 5.503850860595703	 52.3259	 1.0	 0.8660012573003769	 1.0	 0.21317123	 0.45	 0.05	 2.0	 1000.0	 0	 -7.0	 75
227	 0.009244445	 0.004324121	 0.09477124	 4940	 685	 4920	 20	 399	 286	 0.11102222	 0.06643636	 0.8860294	 8.513031	 23	 235.1304347826087	 4937	 2	 5.911952537039052	 52.3259	 1.0	 0.8611486839211505	 1.0	 0.21348998	 0.45	 0.05	 2.0	 1000.0	 0	 -7.0	 75
228	 0.008177778	 0.0033840947	 0.09150327	 4946	 679	 4926	 20	 393	 286	 0.11173333	 0.06690637	 0.89093137	 8.470882	 25	 216.32	 4943	 2	 5.355280666351319	 52.3259	 1.0	 0.8741252171993256	 1.0	 0.21444467	 0.45	 0.05	 2.0	 1000.0	 0	 -7.0	 75
229	 0.005688889	 0.0031960895	 0.04901961	 4950	 675	 4925	 25	 394	 281	 0.11173333	 0.06688287	 0.8913399	 8.388525	 24	 225.25	 4946	 2	 5.585421572128932	 52.3259	 1.0	 0.8686860837042332	 1.0	 0.21330369	 0.45	 0.05	 2.0	 1000.0	 0	 -7.0	 75
230	 0.005866667	 0.0018800526	 0.0751634	 4945	 680	 4925	 20	 394	 286	 0.11146667	 0.06688287	 0.8864379	 8.284631	 24	 225.29166666666666	 4942	 2	 5.598097994923592	 52.3259	 1.0	 0.8662797200183073	 1.0	 0.21327397	 0.45	 0.05	 2.0	 1000.0	 0	 -7.0	 75
231	 0.0067555555	 0.0033840947	 0.06535948	 4945	 680	 4925	 20	 394	 286	 0.11093333	 0.06643636	 0.8843954	 8.252351	 25	 216.36	 4942	 2	 5.402088680267334	 52.3259	 1.0	 0.8666063207387924	 1.0	 0.21367867	 0.45	 0.05	 2.0	 1000.0	 0	 -7.0	 75
232	 0.008533333	 0.0037601052	 0.09150327	 4941	 684	 4925	 16	 394	 290	 0.11084444	 0.06634236	 0.8843954	 8.42423	 26	 208.07692307692307	 4938	 2	 5.214793113561777	 52.3259	 1.0	 0.8752911360217974	 1.0	 0.21364926	 0.45	 0.05	 2.0	 1000.0	 0	 -7.0	 75
233	 0.0076444442	 0.002820079	 0.09150327	 4942	 683	 4918	 24	 401	 282	 0.110755555	 0.06624836	 0.8843954	 8.564127	 24	 225.29166666666666	 4939	 2	 5.5914957622687025	 52.3259	 1.0	 0.8651699908077717	 1.0	 0.21340352	 0.45	 0.05	 2.0	 1000.0	 0	 -7.0	 75
234	 0.006222222	 0.0024440684	 0.07189543	 4939	 686	 4919	 20	 400	 286	 0.11057778	 0.06624836	 0.8811275	 8.702728	 24	 225.29166666666666	 4936	 2	 5.566249003012975	 52.3259	 1.0	 0.8606906707088152	 1.0	 0.21373582	 0.45	 0.05	 2.0	 1000.0	 0	 -7.0	 75
235	 0.008355555	 0.0022560633	 0.114379086	 4938	 687	 4917	 21	 402	 285	 0.11066667	 0.066295356	 0.8819444	 8.739927	 24	 225.25	 4934	 2	 5.559732427199681	 52.3259	 1.0	 0.8576501626521349	 1.0	 0.21301176	 0.45	 0.05	 2.0	 1000.0	 0	 -7.0	 75
236	 0.008	 0.0030080841	 0.09477124	 4949	 676	 4923	 26	 396	 280	 0.11066667	 0.06608385	 0.8856209	 8.858131	 24	 225.29166666666666	 4946	 2	 5.5553322831789655	 52.3259	 1.0	 0.8663668154428402	 1.0	 0.21391024	 0.45	 0.05	 2.0	 1000.0	 0	 -7.0	 75
237	 0.0053333333	 0.0026320736	 0.052287582	 4949	 676	 4927	 22	 392	 284	 0.1104	 0.06589585	 0.88398695	 8.940637	 23	 235.08695652173913	 4946	 2	 5.831167117409084	 52.3259	 1.0	 0.8611751211726147	 1.0	 0.21370804	 0.45	 0.05	 2.0	 1000.0	 0	 -7.0	 75
238	 0.007822222	 0.0033840947	 0.08496732	 4947	 678	 4927	 20	 392	 286	 0.111377776	 0.066459864	 0.89215684	 9.033775	 25	 216.32	 4944	 2	 5.3883735466003415	 52.3259	 1.0	 0.8734811371564866	 1.0	 0.21440129	 0.45	 0.05	 2.0	 1000.0	 0	 -7.0	 75
239	 0.008355555	 0.0037601052	 0.0882353	 4952	 673	 4927	 25	 392	 281	 0.11084444	 0.066130854	 0.8880719	 8.864149	 25	 216.32	 4949	 2	 5.326665554046631	 52.3259	 1.0	 0.874244311451912	 1.0	 0.21418469	 0.45	 0.05	 2.0	 1000.0	 0	 -7.0	 75
240	 0.0048	 0.0022560633	 0.04901961	 4955	 670	 4931	 24	 388	 282	 0.11111111	 0.066318855	 0.8897059	 8.755721	 25	 216.32	 4952	 2	 5.355145792961121	 52.3259	 1.0	 0.8751030486822128	 1.0	 0.21405493	 0.45	 0.05	 2.0	 1000.0	 0	 -7.0	 75
241	 0.0049777776	 0.0024440684	 0.04901961	 4945	 680	 4926	 19	 393	 287	 0.11084444	 0.065989845	 0.8905229	 8.873371	 26	 208.0	 4942	 2	 5.149254876833695	 52.3259	 1.0	 0.8758115940369092	 1.0	 0.21408337	 0.45	 0.05	 2.0	 1000.0	 0	 -7.0	 75
242	 0.0064	 0.0026320736	 0.07189543	 4955	 670	 4934	 21	 385	 285	 0.1104	 0.065801844	 0.8856209	 8.982953	 26	 208.07692307692307	 4952	 2	 5.21776205759782	 52.3259	 1.0	 0.8777628690004349	 1.0	 0.2128433	 0.45	 0.05	 2.0	 1000.0	 0	 -7.0	 75
243	 0.0065777777	 0.0031960895	 0.06535948	 4950	 675	 4927	 23	 392	 283	 0.1104	 0.06591935	 0.8835784	 9.0954685	 24	 225.33333333333334	 4947	 2	 5.614349255959193	 52.3259	 1.0	 0.867905460918943	 1.0	 0.21265413	 0.45	 0.05	 2.0	 1000.0	 0	 -7.0	 75
244	 0.0076444442	 0.0033840947	 0.08169935	 4955	 670	 4931	 24	 388	 282	 0.1104	 0.06589585	 0.88398695	 8.979315	 25	 216.28	 4951	 2	 5.358749752044678	 52.3259	 1.0	 0.875391588807106	 1.0	 0.21308826	 0.45	 0.05	 2.0	 1000.0	 0	 -7.0	 75
245	 0.007288889	 0.0030080841	 0.08169935	 4956	 669	 4933	 23	 386	 283	 0.11066667	 0.06587234	 0.88929737	 9.077332	 25	 216.28	 4953	 2	 5.390788259506226	 52.3259	 1.0	 0.8725144559144974	 1.0	 0.21300222	 0.45	 0.05	 2.0	 1000.0	 0	 -7.0	 75
246	 0.007288889	 0.0026320736	 0.0882353	 4955	 670	 4937	 18	 382	 288	 0.1112	 0.06627186	 0.89215684	 8.709655	 25	 216.36	 4952	 2	 5.461735754013062	 52.3259	 1.0	 0.8737673443555832	 1.0	 0.21365105	 0.45	 0.05	 2.0	 1000.0	 0	 -7.0	 75
247	 0.008711111	 0.0037601052	 0.09477124	 4956	 669	 4937	 19	 382	 287	 0.11111111	 0.066295356	 0.89011437	 8.551825	 27	 200.33333333333334	 4953	 2	 4.987654089927673	 52.3259	 1.0	 0.8860212255407263	 1.0	 0.21380982	 0.45	 0.05	 2.0	 1000.0	 0	 -7.0	 75
248	 0.008355555	 0.0039481106	 0.08496732	 4961	 664	 4942	 19	 377	 287	 0.11111111	 0.06634236	 0.88929737	 8.425816	 26	 208.03846153846155	 4958	 2	 5.185175941540645	 52.3259	 1.0	 0.8829976893388308	 1.0	 0.2135942	 0.45	 0.05	 2.0	 1000.0	 0	 -7.0	 75
249	 0.007822222	 0.0035721	 0.08169935	 4961	 664	 4941	 20	 378	 286	 0.11111111	 0.06650686	 0.8864379	 8.544476	 24	 225.16666666666666	 4957	 2	 5.542198201020558	 52.3259	 1.0	 0.8672229194392761	 1.0	 0.21383901	 0.45	 0.05	 2.0	 1000.0	 0	 -7.0	 75
250	 0.008177778	 0.0047001317	 0.068627454	 4971	 654	 4948	 23	 371	 283	 0.110755555	 0.065989845	 0.8888889	 8.688821	 25	 216.24	 4968	 2	 5.360510272979736	 52.3259	 1.0	 0.879710733294487	 1.0	 0.21316426	 0.45	 0.05	 2.0	 1000.0	 0	 -7.0	 75
251	 0.006222222	 0.0024440684	 0.07189543	 4966	 659	 4947	 19	 372	 287	 0.11066667	 0.06587234	 0.88929737	 8.815642	 25	 216.24	 4963	 2	 5.303941731452942	 52.3259	 1.0	 0.8769083350896836	 1.0	 0.21317752	 0.45	 0.05	 2.0	 1000.0	 0	 -7.0	 75
252	 0.007288889	 0.002820079	 0.08496732	 4961	 664	 4944	 17	 375	 289	 0.11048889	 0.06573134	 0.88848037	 8.643782	 25	 216.2	 4958	 2	 5.242400555610657	 52.3259	 1.0	 0.8735432708263398	 1.0	 0.2133925	 0.45	 0.05	 2.0	 1000.0	 0	 -7.0	 75
253	 0.0060444446	 0.0033840947	 0.052287582	 4969	 656	 4948	 21	 371	 285	 0.1104	 0.06566084	 0.8880719	 8.777256	 25	 216.24	 4966	 2	 5.235653171539306	 52.3259	 1.0	 0.8756944411993026	 1.0	 0.212646	 0.45	 0.05	 2.0	 1000.0	 0	 -7.0	 75
254	 0.007466667	 0.0026320736	 0.09150327	 4971	 654	 4954	 17	 365	 289	 0.11084444	 0.06573134	 0.8950163	 8.632776	 26	 207.96153846153845	 4968	 2	 5.159809607725877	 52.3259	 1.0	 0.8793595026318843	 1.0	 0.21296297	 0.45	 0.05	 2.0	 1000.0	 0	 -7.0	 75
255	 0.0067555555	 0.0024440684	 0.08169935	 4971	 654	 4951	 20	 368	 286	 0.11102222	 0.065989845	 0.89379084	 8.488867	 26	 208.0	 4968	 2	 5.171967194630549	 52.3259	 1.0	 0.881642198906495	 1.0	 0.21356682	 0.45	 0.05	 2.0	 1000.0	 0	 -7.0	 75
256	 0.0049777776	 0.0024440684	 0.04901961	 4971	 654	 4950	 21	 369	 285	 0.11084444	 0.065801844	 0.89379084	 8.348805	 26	 207.96153846153845	 4968	 2	 5.100578106366671	 52.3259	 1.0	 0.8817280330337011	 1.0	 0.21296297	 0.45	 0.05	 2.0	 1000.0	 0	 -7.0	 75
257	 0.005866667	 0.0024440684	 0.06535948	 4966	 659	 4949	 17	 370	 289	 0.11102222	 0.06608385	 0.89215684	 8.281438	 26	 207.96153846153845	 4963	 2	 5.091532835593591	 52.3259	 1.0	 0.8810274371734033	 1.0	 0.21358049	 0.45	 0.05	 2.0	 1000.0	 0	 -7.0	 75
258	 0.007111111	 0.0031960895	 0.0751634	 4974	 651	 4952	 22	 367	 284	 0.11084444	 0.065778345	 0.8941994	 8.435725	 26	 207.92307692307693	 4971	 2	 5.074340471854577	 52.3259	 1.0	 0.8807490697273841	 1.0	 0.21303561	 0.45	 0.05	 2.0	 1000.0	 0	 -7.0	 75
259	 0.0060444446	 0.0031960895	 0.055555556	 4970	 655	 4947	 23	 372	 283	 0.11111111	 0.06608385	 0.89379084	 8.310895	 26	 207.96153846153845	 4967	 2	 5.123164392434633	 52.3259	 1.0	 0.8829378588841512	 1.0	 0.2134085	 0.45	 0.05	 2.0	 1000.0	 0	 -7.0	 75
260	 0.0049777776	 0.0018800526	 0.05882353	 4972	 653	 4949	 23	 370	 283	 0.11084444	 0.066130854	 0.8880719	 8.183365	 25	 216.36	 4969	 2	 5.410298557281494	 52.3259	 1.0	 0.8801374036073685	 1.0	 0.21352385	 0.45	 0.05	 2.0	 1000.0	 0	 -7.0	 75
261	 0.007111111	 0.0033840947	 0.07189543	 4964	 661	 4941	 23	 378	 283	 0.11111111	 0.06627186	 0.8905229	 8.357549	 27	 200.33333333333334	 4961	 2	 5.019990245501201	 52.3259	 1.0	 0.8873119635714425	 1.0	 0.21467446	 0.45	 0.05	 2.0	 1000.0	 0	 -7.0	 75
262	 0.007822222	 0.004136116	 0.07189543	 4970	 655	 4947	 23	 372	 283	 0.11022222	 0.06584884	 0.88153595	 8.521639	 25	 216.36	 4967	 2	 5.468530855178833	 52.3259	 1.0	 0.8772062504291535	 1.0	 0.21260318	 0.45	 0.05	 2.0	 1000.0	 0	 -7.0	 75
263	 0.008	 0.0030080841	 0.09477124	 4975	 650	 4949	 26	 370	 280	 0.11084444	 0.06627186	 0.8856209	 8.462076	 25	 216.36	 4972	 2	 5.4708739852905275	 52.3259	 1.0	 0.8748495441675186	 1.0	 0.21319388	 0.45	 0.05	 2.0	 1000.0	 0	 -7.0	 75
264	 0.007822222	 0.0031960895	 0.0882353	 4963	 662	 4948	 15	 371	 291	 0.11173333	 0.066976875	 0.8897059	 8.60931	 25	 216.32	 4960	 2	 5.432580223083496	 52.3259	 1.0	 0.8713697969913483	 1.0	 0.21431452	 0.45	 0.05	 2.0	 1000.0	 0	 -7.0	 75
265	 0.007822222	 0.0037601052	 0.078431375	 4973	 652	 4956	 17	 363	 289	 0.11111111	 0.06606035	 0.8941994	 8.596064	 25	 216.16	 4970	 2	 5.237698588371277	 52.3259	 1.0	 0.8771026813983918	 1.0	 0.21348089	 0.45	 0.05	 2.0	 1000.0	 0	 -7.0	 75
266	 0.007111111	 0.0035721	 0.068627454	 4975	 650	 4957	 18	 362	 288	 0.11102222	 0.06608385	 0.89215684	 8.695237	 25	 216.2	 4972	 2	 5.255260982513428	 52.3259	 1.0	 0.873675953745842	 1.0	 0.21399839	 0.45	 0.05	 2.0	 1000.0	 0	 -7.0	 75
267	 0.0076444442	 0.004136116	 0.068627454	 4974	 651	 4959	 15	 360	 291	 0.1112	 0.06608385	 0.89542484	 8.684619	 26	 207.8846153846154	 4971	 2	 5.0593715997842645	 52.3259	 1.0	 0.882629259274556	 1.0	 0.21384028	 0.45	 0.05	 2.0	 1000.0	 0	 -7.0	 75
268	 0.009422222	 0.0045121266	 0.09477124	 4971	 654	 4953	 18	 366	 288	 0.1112	 0.066295356	 0.89174837	 8.532963	 26	 207.92307692307693	 4968	 2	 5.07557814854842	 52.3259	 1.0	 0.8862769661041406	 1.0	 0.2141707	 0.45	 0.05	 2.0	 1000.0	 0	 -7.0	 75
269	 0.0065777777	 0.0030080841	 0.068627454	 4964	 661	 4947	 17	 372	 289	 0.111555554	 0.06655386	 0.89379084	 8.503283	 25	 216.36	 4961	 2	 5.4255184555053715	 52.3259	 1.0	 0.8823587584495545	 1.0	 0.21487603	 0.45	 0.05	 2.0	 1000.0	 0	 -7.0	 75
270	 0.0090666665	 0.004888137	 0.08169935	 4969	 656	 4949	 20	 370	 286	 0.11066667	 0.06591935	 0.88848037	 8.419493	 26	 208.03846153846155	 4966	 2	 5.161405434975257	 52.3259	 1.0	 0.882719812484888	 1.0	 0.21345147	 0.45	 0.05	 2.0	 1000.0	 0	 -7.0	 75
271	 0.005688889	 0.0016920473	 0.0751634	 4971	 654	 4956	 15	 363	 291	 0.1112	 0.06624836	 0.89256537	 8.5643215	 26	 207.8846153846154	 4967	 2	 5.135934311610002	 52.3259	 1.0	 0.8824181407690048	 1.0	 0.21381116	 0.45	 0.05	 2.0	 1000.0	 0	 -7.0	 75
272	 0.0049777776	 0.0026320736	 0.045751635	 4977	 648	 4960	 17	 359	 289	 0.11111111	 0.065942846	 0.89624184	 8.451171	 26	 208.0	 4974	 2	 5.130169850129348	 52.3259	 1.0	 0.8830701542588381	 1.0	 0.21351026	 0.45	 0.05	 2.0	 1000.0	 0	 -7.0	 75
273	 0.0076444442	 0.0035721	 0.078431375	 4974	 651	 4959	 15	 360	 291	 0.111377776	 0.06617785	 0.89705884	 8.434582	 27	 200.2962962962963	 4971	 2	 4.923187083668179	 52.3259	 1.0	 0.8862581275127552	 1.0	 0.2142426	 0.45	 0.05	 2.0	 1000.0	 0	 -7.0	 75
274	 0.0053333333	 0.0024440684	 0.055555556	 4968	 657	 4954	 14	 365	 292	 0.11111111	 0.06606035	 0.8941994	 8.39204	 27	 200.33333333333334	 4965	 2	 4.969136030585678	 52.3259	 1.0	 0.8862306056199251	 1.0	 0.21409869	 0.45	 0.05	 2.0	 1000.0	 0	 -7.0	 75
275	 0.0060444446	 0.0022560633	 0.07189543	 4972	 653	 4958	 14	 361	 292	 0.11093333	 0.065942846	 0.89297384	 8.501787	 27	 200.37037037037038	 4969	 2	 4.988339229866311	 52.3259	 1.0	 0.888766269992899	 1.0	 0.21372509	 0.45	 0.05	 2.0	 1000.0	 0	 -7.0	 75
276	 0.0053333333	 0.002068058	 0.062091503	 4974	 651	 4955	 19	 364	 287	 0.11084444	 0.06601335	 0.89011437	 8.647736	 26	 208.07692307692307	 4971	 2	 5.231729553296016	 52.3259	 1.0	 0.8828078531301938	 1.0	 0.21303561	 0.45	 0.05	 2.0	 1000.0	 0	 -7.0	 75
277	 0.0065777777	 0.0035721	 0.05882353	 4971	 654	 4954	 17	 365	 289	 0.11066667	 0.06608385	 0.8856209	 8.321418	 25	 216.4	 4969	 2	 5.446134233474732	 52.3259	 1.0	 0.8789649873971939	 1.0	 0.2133226	 0.45	 0.05	 2.0	 1000.0	 0	 -7.0	 75
278	 0.006222222	 0.0033840947	 0.055555556	 4980	 645	 4960	 20	 359	 286	 0.110755555	 0.065989845	 0.8888889	 8.216204	 26	 208.03846153846155	 4978	 2	 5.165702375081869	 52.3259	 1.0	 0.8821563474260844	 1.0	 0.21253516	 0.45	 0.05	 2.0	 1000.0	 0	 -7.0	 75
279	 0.0046222224	 0.002068058	 0.04901961	 4974	 651	 4959	 15	 360	 291	 0.11128889	 0.06636586	 0.89215684	 8.1377735	 26	 208.07692307692307	 4972	 2	 5.226064911255469	 52.3259	 1.0	 0.8813921173031514	 1.0	 0.21319388	 0.45	 0.05	 2.0	 1000.0	 0	 -7.0	 75
280	 0.004088889	 0.0024440684	 0.03267974	 4967	 658	 4954	 13	 365	 293	 0.11128889	 0.066295356	 0.8933824	 8.261791	 26	 208.1153846153846	 4965	 2	 5.214715324915373	 52.3259	 1.0	 0.8807929226985345	 1.0	 0.21409869	 0.45	 0.05	 2.0	 1000.0	 0	 -7.0	 75
281	 0.0067555555	 0.002820079	 0.0751634	 4967	 658	 4951	 16	 368	 290	 0.11093333	 0.06608385	 0.8905229	 8.433537	 26	 208.15384615384616	 4965	 2	 5.216002051646893	 52.3259	 1.0	 0.881965132860037	 1.0	 0.21409869	 0.45	 0.05	 2.0	 1000.0	 0	 -7.0	 75
282	 0.0067555555	 0.0022560633	 0.08496732	 4969	 656	 4951	 18	 368	 288	 0.11031111	 0.06566084	 0.8864379	 8.33736	 26	 208.1153846153846	 4967	 2	 5.149828901657691	 52.3259	 1.0	 0.8801240015488404	 1.0	 0.2134085	 0.45	 0.05	 2.0	 1000.0	 0	 -7.0	 75
283	 0.0076444442	 0.002820079	 0.09150327	 4966	 659	 4946	 20	 373	 286	 0.110755555	 0.06622485	 0.88480395	 8.230746	 25	 216.44	 4964	 2	 5.423410720825196	 52.3259	 1.0	 0.8771572613716125	 1.0	 0.21414182	 0.45	 0.05	 2.0	 1000.0	 0	 -7.0	 75
