StepCounter	 Dynamics	 ConfDynamics	 NConDynamics	  Zeros	  Ones	 ConfZeros	 NConfZeros	 ConfOnes	 NConfOnes	 Stress	 ConfStress	 NConStress	 frameRate	 NofClusters	 MnClustersSize	 MaxClustersSize	 MinClustersSize	 MnClustersDiam	 MaxClustersDiam	 MinClustersDiam	 MnClustersBRat	 MaxClustersBRat	 MinClustersBRat	 RatioA	 RatioB	 Noise	 MaxStrengh	 Distribution	 Bias	 N
0	 0.0	 0.0	 0.0	 3106	 2519	 2006	 1100	 1647	 872	 0.49653333	 0.49558583	 0.49828854	 9.638655	 395	 13.410126582278481	 345	 2	 4.300494714326496	 38.078865	 1.0	 0.9784511164773868	 1.0	 0.7894737	 0.45	 0.35	 2.0	 1000.0	 0	 0.0	 75
1	 0.38044444	 0.26991513	 0.5851927	 3060	 2565	 2128	 932	 1525	 1040	 0.46168888	 0.41017658	 0.5571121	 9.109929	 303	 17.422442244224424	 885	 2	 4.522447008504333	 52.3259	 1.0	 0.9679953453957838	 1.0	 0.6451613	 0.45	 0.35	 2.0	 1000.0	 0	 0.0	 75
2	 0.2865778	 0.19052833	 0.46450305	 2976	 2649	 2074	 902	 1579	 1070	 0.4495111	 0.37749794	 0.5829108	 8.792142	 251	 21.00398406374502	 569	 2	 5.183238521515135	 47.507893	 1.0	 0.9603460207878356	 1.0	 0.72727275	 0.45	 0.35	 2.0	 1000.0	 0	 0.0	 75
3	 0.25795555	 0.15466739	 0.44929007	 2985	 2640	 2069	 916	 1584	 1056	 0.4336	 0.35248426	 0.5838616	 8.6053505	 232	 22.69396551724138	 906	 2	 5.161011908074905	 52.3259	 1.0	 0.9530240841980638	 1.0	 0.6818182	 0.45	 0.35	 2.0	 1000.0	 0	 0.0	 75
4	 0.24	 0.12838763	 0.44675457	 2985	 2640	 2046	 939	 1607	 1033	 0.43315557	 0.34509307	 0.5962855	 8.626835	 223	 23.618834080717487	 1367	 2	 4.728259737181556	 52.3259	 1.0	 0.9607772164280639	 1.0	 0.7037037	 0.45	 0.35	 2.0	 1000.0	 0	 0.0	 75
5	 0.22666667	 0.12619765	 0.4127789	 3034	 2591	 2099	 935	 1554	 1037	 0.42906666	 0.33564878	 0.6021171	 8.71471	 218	 24.128440366972477	 1499	 2	 4.593420503336355	 52.3259	 1.0	 0.9594815482787036	 1.0	 0.6875	 0.45	 0.35	 2.0	 1000.0	 0	 0.0	 75
6	 0.2112	 0.1086778	 0.40111563	 3028	 2597	 2112	 916	 1541	 1056	 0.43244445	 0.3388311	 0.605857	 8.734468	 233	 22.527896995708154	 1527	 2	 4.50912330641767	 52.3259	 1.0	 0.9637947926705487	 1.0	 0.6909091	 0.45	 0.35	 2.0	 1000.0	 0	 0.0	 75
7	 0.20408888	 0.10758281	 0.38286003	 2978	 2647	 2083	 895	 1570	 1077	 0.42942223	 0.3332535	 0.60756844	 8.859474	 226	 23.309734513274336	 906	 2	 5.098754818460582	 49.57822	 1.0	 0.9513974999432016	 1.0	 0.7	 0.45	 0.35	 2.0	 1000.0	 0	 0.0	 75
8	 0.21031111	 0.109499045	 0.3970588	 2991	 2634	 2071	 920	 1582	 1052	 0.4288889	 0.33017382	 0.61175203	 8.90862	 210	 25.228571428571428	 1399	 2	 4.851596295265924	 52.3259	 1.0	 0.9591409112725939	 1.0	 0.6969697	 0.45	 0.35	 2.0	 1000.0	 0	 0.0	 75
9	 0.2048	 0.10347659	 0.39249492	 3047	 2578	 2085	 962	 1568	 1010	 0.42702222	 0.32948947	 0.6076952	 8.923557	 224	 23.616071428571427	 452	 2	 5.180712666894708	 45.221676	 1.0	 0.9508525103862796	 1.0	 0.7017544	 0.45	 0.35	 2.0	 1000.0	 0	 0.0	 75
10	 0.21777777	 0.10183411	 0.4325558	 3022	 2603	 2111	 911	 1542	 1061	 0.4263111	 0.32801807	 0.6083925	 9.024946	 219	 24.031963470319635	 2133	 2	 4.310596366995546	 52.3259	 1.0	 0.9606109258791083	 1.0	 0.73333335	 0.45	 0.35	 2.0	 1000.0	 0	 0.0	 75
11	 0.216	 0.10840405	 0.4153144	 3045	 2580	 2107	 938	 1546	 1034	 0.424	 0.32483575	 0.6076952	 8.702322	 197	 26.66497461928934	 1462	 2	 4.727346400319017	 52.3259	 1.0	 0.953800094309192	 1.0	 0.704918	 0.45	 0.35	 2.0	 1000.0	 0	 0.0	 75
12	 0.2056889	 0.0971804	 0.40669373	 3042	 2583	 2126	 916	 1527	 1056	 0.42657778	 0.32750478	 0.61010396	 8.774466	 222	 23.846846846846848	 1967	 2	 4.413757520216006	 52.3259	 1.0	 0.9540604318047429	 1.0	 0.6666667	 0.45	 0.35	 2.0	 1000.0	 0	 0.0	 75
13	 0.21013333	 0.10566658	 0.40365112	 3022	 2603	 2124	 898	 1529	 1074	 0.42506668	 0.32757324	 0.6056668	 8.76289	 229	 23.12663755458515	 1785	 2	 4.418198919712716	 52.3259	 1.0	 0.9599217327401107	 1.0	 0.71014494	 0.45	 0.35	 2.0	 1000.0	 0	 0.0	 75
14	 0.20871112	 0.096632905	 0.4163286	 3050	 2575	 2137	 913	 1516	 1059	 0.4248	 0.32517794	 0.6093433	 8.469375	 232	 22.82758620689655	 2074	 2	 4.424981236457825	 52.3259	 1.0	 0.9590604739456341	 1.0	 0.7017544	 0.45	 0.35	 2.0	 1000.0	 0	 0.0	 75
15	 0.2112	 0.111415274	 0.3960446	 3046	 2579	 2144	 902	 1509	 1070	 0.42453334	 0.32504106	 0.60883623	 8.446873	 215	 24.427906976744186	 2036	 2	 4.743580474409947	 52.3259	 1.0	 0.9530401562535485	 1.0	 0.7090909	 0.45	 0.35	 2.0	 1000.0	 0	 0.0	 75
16	 0.20657778	 0.099644125	 0.40466532	 3046	 2579	 2150	 896	 1503	 1076	 0.42648888	 0.32613605	 0.6123859	 8.589795	 229	 23.1353711790393	 2171	 2	 4.2399598854597995	 52.3259	 1.0	 0.9637537205583664	 1.0	 0.71428573	 0.45	 0.35	 2.0	 1000.0	 0	 0.0	 75
17	 0.21386667	 0.10730906	 0.4112576	 3069	 2556	 2168	 901	 1485	 1071	 0.42337778	 0.3245278	 0.60649085	 8.388393	 209	 25.272727272727273	 2115	 2	 4.553082560808464	 52.3259	 1.0	 0.9521373989479394	 1.0	 0.74121404	 0.45	 0.35	 2.0	 1000.0	 0	 0.0	 75
18	 0.21173333	 0.1086778	 0.40263692	 3044	 2581	 2149	 895	 1504	 1077	 0.42186666	 0.32558855	 0.6002155	 8.152171	 213	 24.948356807511736	 2106	 2	 4.476454634621669	 52.3259	 1.0	 0.9572132092686326	 1.0	 0.68	 0.45	 0.35	 2.0	 1000.0	 0	 0.0	 75
19	 0.21102223	 0.09526417	 0.42545637	 3041	 2584	 2145	 896	 1508	 1076	 0.42257777	 0.3243567	 0.60452586	 7.9992385	 201	 26.29353233830846	 1217	 2	 4.774942341135509	 52.3259	 1.0	 0.9509700723548433	 1.0	 0.65384614	 0.45	 0.35	 2.0	 1000.0	 0	 0.0	 75
20	 0.21226667	 0.09909663	 0.42190668	 3049	 2576	 2145	 904	 1508	 1068	 0.42382222	 0.32353544	 0.60959685	 8.075963	 202	 26.183168316831683	 2084	 2	 4.413160088038681	 52.3259	 1.0	 0.9558182391199735	 1.0	 0.6666667	 0.45	 0.35	 2.0	 1000.0	 0	 0.0	 75
21	 0.20035556	 0.095811665	 0.39401624	 3040	 2585	 2153	 887	 1500	 1085	 0.4256	 0.32555434	 0.610928	 8.22364	 204	 25.892156862745097	 1200	 2	 5.0078965928040295	 52.3259	 1.0	 0.9585881855557946	 1.0	 0.64285713	 0.45	 0.35	 2.0	 1000.0	 0	 0.0	 75
22	 0.21315555	 0.1144265	 0.3960446	 3023	 2602	 2143	 880	 1510	 1092	 0.4230222	 0.32538325	 0.60389197	 8.401954	 223	 23.816143497757846	 1800	 2	 4.344486169750915	 52.3259	 1.0	 0.9649243491112919	 1.0	 0.64	 0.45	 0.35	 2.0	 1000.0	 0	 0.0	 75
23	 0.21777777	 0.111141525	 0.4153144	 3006	 2619	 2105	 901	 1548	 1071	 0.42577776	 0.32702574	 0.60870945	 8.171939	 233	 22.751072961373392	 1328	 2	 4.656569926012227	 52.3259	 1.0	 0.9584784198216614	 1.0	 0.6888889	 0.45	 0.35	 2.0	 1000.0	 0	 0.0	 75
24	 0.20675555	 0.110594034	 0.38488844	 2999	 2626	 2063	 936	 1590	 1036	 0.42168888	 0.32281685	 0.6048428	 8.055304	 200	 26.535	 1818	 2	 4.900937836170197	 52.3259	 1.0	 0.9558108884096146	 1.0	 0.6666667	 0.45	 0.35	 2.0	 1000.0	 0	 0.0	 75
25	 0.208	 0.10457159	 0.3995943	 3033	 2592	 2115	 918	 1538	 1054	 0.42195556	 0.3236039	 0.6041455	 7.8954797	 224	 23.714285714285715	 1038	 2	 5.0371705788586825	 52.3259	 1.0	 0.9491629315806287	 1.0	 0.6885246	 0.45	 0.35	 2.0	 1000.0	 0	 0.0	 75
26	 0.21404445	 0.10840405	 0.4097363	 3035	 2590	 2127	 908	 1526	 1064	 0.4240889	 0.3269573	 0.60401875	 7.8821716	 230	 23.069565217391304	 2040	 2	 4.361228771313377	 52.3259	 1.0	 0.9607926042183585	 1.0	 0.6885246	 0.45	 0.35	 2.0	 1000.0	 0	 0.0	 75
27	 0.21315555	 0.10566658	 0.4122718	 3042	 2583	 2157	 885	 1496	 1087	 0.4256889	 0.32356966	 0.61485803	 7.762286	 206	 25.679611650485437	 1178	 2	 4.8653812269562655	 52.3259	 1.0	 0.9566104163243933	 1.0	 0.6440678	 0.45	 0.35	 2.0	 1000.0	 0	 0.0	 75
28	 0.20586666	 0.10183411	 0.39858013	 3042	 2583	 2139	 903	 1514	 1069	 0.4224	 0.32257733	 0.6073149	 7.92516	 211	 25.071090047393366	 2217	 2	 4.2295522000552355	 52.3259	 1.0	 0.9614623847165944	 1.0	 0.71428573	 0.45	 0.35	 2.0	 1000.0	 0	 0.0	 75
29	 0.20817778	 0.10648782	 0.39655173	 3051	 2574	 2160	 891	 1493	 1081	 0.42648888	 0.32480153	 0.61485803	 7.945733	 237	 22.345991561181435	 1621	 2	 4.430420658256434	 52.3259	 1.0	 0.9598724404467812	 1.0	 0.71794873	 0.45	 0.35	 2.0	 1000.0	 0	 0.0	 75
30	 0.21457778	 0.11086778	 0.40669373	 3026	 2599	 2117	 909	 1536	 1063	 0.42524445	 0.32521215	 0.61054766	 7.8218193	 228	 23.092105263157894	 781	 2	 5.227292021638469	 52.3259	 1.0	 0.9521164316357228	 1.0	 0.6666667	 0.45	 0.35	 2.0	 1000.0	 0	 0.0	 75
31	 0.19875556	 0.09909663	 0.38336715	 3000	 2625	 2097	 903	 1556	 1069	 0.42391112	 0.32596496	 0.6053499	 8.036476	 233	 22.721030042918454	 1739	 2	 4.608959989997962	 52.3259	 1.0	 0.9560489856634017	 1.0	 0.67241377	 0.45	 0.35	 2.0	 1000.0	 0	 0.0	 75
32	 0.216	 0.10019162	 0.4305274	 2995	 2630	 2087	 908	 1566	 1064	 0.42364445	 0.32411715	 0.6080122	 8.163733	 231	 22.813852813852815	 967	 2	 4.773129893071724	 52.3259	 1.0	 0.9554760933438421	 1.0	 0.6666667	 0.45	 0.35	 2.0	 1000.0	 0	 0.0	 75
33	 0.20675555	 0.099917874	 0.40466532	 2990	 2635	 2068	 922	 1585	 1050	 0.42613333	 0.32586232	 0.6118788	 8.214877	 231	 22.852813852813853	 1470	 2	 4.566042832481913	 52.3259	 1.0	 0.9639664565846001	 1.0	 0.72	 0.45	 0.35	 2.0	 1000.0	 0	 0.0	 75
34	 0.21013333	 0.108130306	 0.39908722	 3010	 2615	 2095	 915	 1558	 1057	 0.42328888	 0.32268	 0.60966027	 8.393072	 226	 23.221238938053098	 1156	 2	 4.756605160974823	 52.3259	 1.0	 0.9579983263944103	 1.0	 0.6627907	 0.45	 0.35	 2.0	 1000.0	 0	 0.0	 75
35	 0.2071111	 0.10128661	 0.403144	 2995	 2630	 2085	 910	 1568	 1062	 0.42355555	 0.32428825	 0.60744166	 8.331847	 215	 24.506976744186048	 1278	 2	 4.6988661660704505	 52.3259	 1.0	 0.9592407129531683	 1.0	 0.6101695	 0.45	 0.35	 2.0	 1000.0	 0	 0.0	 75
36	 0.20462222	 0.109499045	 0.38083163	 3004	 2621	 2097	 907	 1556	 1065	 0.42373332	 0.32257733	 0.61111814	 8.498525	 222	 23.81081081081081	 1079	 2	 4.650401626084302	 52.3259	 1.0	 0.9577864279618135	 1.0	 0.6363636	 0.45	 0.35	 2.0	 1000.0	 0	 0.0	 75
37	 0.1975111	 0.1023816	 0.37373224	 3021	 2604	 2097	 924	 1556	 1048	 0.42586666	 0.3225089	 0.61733013	 8.2917385	 226	 23.353982300884955	 819	 2	 4.890298745800964	 52.3259	 1.0	 0.9582998502043496	 1.0	 0.7008547	 0.45	 0.35	 2.0	 1000.0	 0	 0.0	 75
38	 0.20088889	 0.097727895	 0.39198783	 3035	 2590	 2112	 923	 1541	 1049	 0.42284444	 0.3214139	 0.6107378	 8.299255	 218	 24.353211009174313	 1531	 2	 4.756771219432901	 52.3259	 1.0	 0.9548235562963223	 1.0	 0.7058824	 0.45	 0.35	 2.0	 1000.0	 0	 0.0	 75
39	 0.21351111	 0.099644125	 0.4244422	 3026	 2599	 2110	 916	 1543	 1056	 0.42257777	 0.3223036	 0.6083291	 8.462102	 223	 23.717488789237667	 1203	 2	 4.72136628520863	 52.3259	 1.0	 0.9541639979644742	 1.0	 0.6756757	 0.45	 0.35	 2.0	 1000.0	 0	 0.0	 75
40	 0.21031111	 0.099644125	 0.4153144	 2997	 2628	 2084	 913	 1569	 1059	 0.42373332	 0.32312483	 0.61010396	 8.243759	 233	 22.682403433476395	 1334	 2	 4.744360803022917	 52.3259	 1.0	 0.9574387710493522	 1.0	 0.71428573	 0.45	 0.35	 2.0	 1000.0	 0	 0.0	 75
41	 0.20408888	 0.10347659	 0.39046654	 3009	 2616	 2086	 923	 1567	 1049	 0.424	 0.32185873	 0.61320996	 8.250626	 220	 23.813636363636363	 907	 2	 4.641259801387787	 52.3259	 1.0	 0.9619595644148913	 1.0	 0.6862745	 0.45	 0.35	 2.0	 1000.0	 0	 0.0	 75
42	 0.20888889	 0.10457159	 0.40212983	 3030	 2595	 2106	 924	 1547	 1048	 0.42328888	 0.32278264	 0.60947007	 8.425574	 212	 24.86320754716981	 1323	 2	 4.674501600692857	 52.3259	 1.0	 0.9570228094762226	 1.0	 0.60465115	 0.45	 0.35	 2.0	 1000.0	 0	 0.0	 75
43	 0.19946666	 0.09471667	 0.39350912	 3024	 2601	 2118	 906	 1535	 1066	 0.42275557	 0.3224747	 0.60851926	 8.529037	 217	 24.377880184331797	 854	 2	 5.022645557531014	 50.24938	 1.0	 0.9537381238651715	 1.0	 0.6987952	 0.45	 0.35	 2.0	 1000.0	 0	 0.0	 75
44	 0.21351111	 0.10676157	 0.4112576	 3017	 2608	 2120	 897	 1533	 1075	 0.42684445	 0.32743636	 0.61099136	 8.670794	 229	 23.200873362445414	 875	 2	 5.033397633956509	 52.3259	 1.0	 0.9530283264718201	 1.0	 0.65957445	 0.45	 0.35	 2.0	 1000.0	 0	 0.0	 75
45	 0.20302223	 0.10566658	 0.38336715	 2971	 2654	 2076	 895	 1577	 1077	 0.42435557	 0.32606763	 0.6064275	 8.673321	 218	 24.18807339449541	 1043	 2	 4.737879604921428	 52.3259	 1.0	 0.95487286246151	 1.0	 0.6785714	 0.45	 0.35	 2.0	 1000.0	 0	 0.0	 75
46	 0.2136889	 0.111141525	 0.40365112	 2999	 2626	 2068	 931	 1585	 1041	 0.42497778	 0.32517794	 0.6098504	 8.806256	 206	 25.606796116504853	 1263	 2	 5.278369150115449	 52.3259	 1.0	 0.9555374201640342	 1.0	 0.6846847	 0.45	 0.35	 2.0	 1000.0	 0	 0.0	 75
47	 0.20551111	 0.09526417	 0.4097363	 3013	 2612	 2074	 939	 1579	 1033	 0.42444444	 0.32483575	 0.60896295	 8.663558	 222	 23.67117117117117	 658	 2	 5.105881841333063	 48.9183	 1.0	 0.952607866880056	 1.0	 0.6666667	 0.45	 0.35	 2.0	 1000.0	 0	 0.0	 75
48	 0.21564445	 0.10758281	 0.4158215	 3024	 2601	 2089	 935	 1564	 1037	 0.42293334	 0.3208322	 0.61206895	 8.618921	 207	 25.318840579710145	 938	 2	 5.004635634053733	 52.3259	 1.0	 0.9536654237963728	 1.0	 0.6923077	 0.45	 0.35	 2.0	 1000.0	 0	 0.0	 75
49	 0.19928889	 0.096359156	 0.38995942	 2985	 2640	 2095	 890	 1558	 1082	 0.41875556	 0.31840268	 0.60465264	 8.739864	 203	 25.87192118226601	 1787	 2	 4.758932474211519	 52.3259	 1.0	 0.9599083726629248	 1.0	 0.6875	 0.45	 0.35	 2.0	 1000.0	 0	 0.0	 75
50	 0.20693333	 0.096906655	 0.4107505	 2997	 2628	 2079	 918	 1574	 1054	 0.42168888	 0.3197714	 0.6104843	 8.615911	 212	 24.90566037735849	 915	 2	 5.040045607202458	 52.3259	 1.0	 0.9557461252190033	 1.0	 0.6956522	 0.45	 0.35	 2.0	 1000.0	 0	 0.0	 75
51	 0.21422222	 0.10648782	 0.41379312	 2980	 2645	 2080	 900	 1573	 1072	 0.42026666	 0.31771833	 0.61023074	 8.537249	 212	 24.99056603773585	 1044	 2	 4.971446174495625	 52.3259	 1.0	 0.9617939672942432	 1.0	 0.65384614	 0.45	 0.35	 2.0	 1000.0	 0	 0.0	 75
52	 0.20231111	 0.099917874	 0.39198783	 2980	 2645	 2077	 903	 1576	 1069	 0.4208	 0.3195661	 0.6083291	 8.42689	 193	 27.248704663212436	 2063	 2	 4.362749213381752	 52.3259	 1.0	 0.965376195203455	 1.0	 0.6666667	 0.45	 0.35	 2.0	 1000.0	 0	 0.0	 75
53	 0.21813333	 0.1029291	 0.4315416	 2999	 2626	 2087	 912	 1566	 1060	 0.42355555	 0.32049	 0.6144777	 8.303354	 204	 25.94607843137255	 2050	 2	 4.350684105765586	 52.3259	 1.0	 0.9672727754303053	 1.0	 0.6969697	 0.45	 0.35	 2.0	 1000.0	 0	 0.0	 75
54	 0.20782222	 0.110046536	 0.38894522	 3018	 2607	 2113	 905	 1540	 1067	 0.42604443	 0.3206611	 0.62126017	 8.132226	 222	 23.743243243243242	 1771	 2	 4.380613192244693	 52.3259	 1.0	 0.9669958269810891	 1.0	 0.6	 0.45	 0.35	 2.0	 1000.0	 0	 0.0	 75
55	 0.19946666	 0.10265535	 0.37880325	 3022	 2603	 2102	 920	 1551	 1052	 0.42284444	 0.32134548	 0.6108646	 8.309752	 221	 23.755656108597286	 1596	 2	 4.544689153114595	 52.3259	 1.0	 0.9636940505709584	 1.0	 0.6923077	 0.45	 0.35	 2.0	 1000.0	 0	 0.0	 75
56	 0.20408888	 0.10703532	 0.38387424	 3024	 2601	 2115	 909	 1538	 1063	 0.42257777	 0.3204558	 0.61175203	 8.367054	 216	 24.444444444444443	 2163	 2	 4.409469128758819	 52.3259	 1.0	 0.9522801888761697	 1.0	 0.57575756	 0.45	 0.35	 2.0	 1000.0	 0	 0.0	 75
57	 0.20906667	 0.10101286	 0.40922922	 3050	 2575	 2118	 932	 1535	 1040	 0.42284444	 0.3215508	 0.6104843	 8.519088	 221	 23.81900452488688	 1982	 2	 4.447878820324376	 52.3259	 1.0	 0.9555819406768316	 1.0	 0.6883117	 0.45	 0.35	 2.0	 1000.0	 0	 0.0	 75
58	 0.2096	 0.10347659	 0.4061866	 3013	 2612	 2110	 903	 1543	 1069	 0.4231111	 0.32001096	 0.61409736	 8.655822	 206	 25.461165048543688	 1303	 2	 5.0119855183999515	 52.3259	 1.0	 0.9538745093114168	 1.0	 0.70689654	 0.45	 0.35	 2.0	 1000.0	 0	 0.0	 75
59	 0.19626667	 0.09499042	 0.38387424	 3069	 2556	 2145	 924	 1508	 1048	 0.42488888	 0.3214139	 0.61656946	 8.526567	 212	 24.87264150943396	 1796	 2	 4.53229296207428	 52.3259	 1.0	 0.9658867556531474	 1.0	 0.6956522	 0.45	 0.35	 2.0	 1000.0	 0	 0.0	 75
60	 0.20035556	 0.09499042	 0.39553753	 3022	 2603	 2120	 902	 1533	 1070	 0.42293334	 0.31983986	 0.6139072	 8.476654	 215	 24.632558139534883	 1946	 2	 4.498794230194979	 52.3259	 1.0	 0.9566604375839234	 1.0	 0.68421054	 0.45	 0.35	 2.0	 1000.0	 0	 0.0	 75
61	 0.19324444	 0.098001644	 0.36967546	 3055	 2570	 2134	 921	 1519	 1051	 0.42124444	 0.31778675	 0.612893	 8.35069	 221	 23.877828054298643	 2100	 2	 4.314232584038471	 52.3259	 1.0	 0.9574838849753816	 1.0	 0.6666667	 0.45	 0.35	 2.0	 1000.0	 0	 0.0	 75
62	 0.2016	 0.09608541	 0.3970588	 3027	 2598	 2133	 894	 1520	 1078	 0.4224889	 0.32055846	 0.61130834	 8.13174	 213	 24.788732394366196	 1051	 2	 4.832373666091704	 52.3259	 1.0	 0.9532447891056258	 1.0	 0.6785714	 0.45	 0.35	 2.0	 1000.0	 0	 0.0	 75
63	 0.1952	 0.0919792	 0.38640973	 3027	 2598	 2127	 900	 1526	 1072	 0.42275557	 0.3219272	 0.6095335	 8.069759	 202	 26.07920792079208	 883	 2	 5.028151843807485	 52.3259	 1.0	 0.9539795984135996	 1.0	 0.7439353	 0.45	 0.35	 2.0	 1000.0	 0	 0.0	 75
64	 0.20657778	 0.1029291	 0.39858013	 3063	 2562	 2141	 922	 1512	 1050	 0.42266667	 0.3202847	 0.6123225	 8.245824	 250	 21.06	 1962	 2	 4.204419085502624	 52.3259	 1.0	 0.9620442340373992	 1.0	 0.70212764	 0.45	 0.35	 2.0	 1000.0	 0	 0.0	 75
65	 0.2	 0.0971804	 0.39046654	 3010	 2615	 2144	 866	 1509	 1106	 0.4215111	 0.3216192	 0.60655427	 8.306673	 213	 24.732394366197184	 1987	 2	 4.634265822983684	 52.3259	 1.0	 0.9518705169919511	 1.0	 0.68421054	 0.45	 0.35	 2.0	 1000.0	 0	 0.0	 75
66	 0.20764445	 0.10320285	 0.40111563	 3020	 2605	 2143	 877	 1510	 1095	 0.42586666	 0.32531482	 0.6121324	 8.28556	 214	 24.649532710280372	 1570	 2	 4.904764423303515	 52.3259	 1.0	 0.9606400469196177	 1.0	 0.675	 0.45	 0.35	 2.0	 1000.0	 0	 0.0	 75
67	 0.2144	 0.110046536	 0.4077079	 2994	 2631	 2127	 867	 1526	 1105	 0.42444444	 0.3233986	 0.61162525	 8.447101	 200	 26.235	 762	 2	 5.327467305660248	 52.3259	 1.0	 0.9530038714408875	 1.0	 0.7058824	 0.45	 0.35	 2.0	 1000.0	 0	 0.0	 75
68	 0.21422222	 0.10347659	 0.4193712	 3053	 2572	 2143	 910	 1510	 1062	 0.42417777	 0.3236381	 0.6104209	 8.289446	 220	 23.868181818181817	 1270	 2	 4.723889087005095	 52.3259	 1.0	 0.9555502249435945	 1.0	 0.7368421	 0.45	 0.35	 2.0	 1000.0	 0	 0.0	 75
69	 0.21208888	 0.1023816	 0.4153144	 3062	 2563	 2169	 893	 1484	 1079	 0.4231111	 0.32042158	 0.61333674	 8.169829	 221	 23.65610859728507	 914	 2	 4.806524907841402	 52.3259	 1.0	 0.961216734275559	 1.0	 0.6666667	 0.45	 0.35	 2.0	 1000.0	 0	 0.0	 75
70	 0.20497778	 0.1086778	 0.38336715	 3083	 2542	 2168	 915	 1485	 1057	 0.42097777	 0.31785518	 0.6120056	 8.234687	 210	 24.85238095238095	 1062	 2	 4.519088843322936	 52.3259	 1.0	 0.9678384406226022	 1.0	 0.6	 0.45	 0.35	 2.0	 1000.0	 0	 0.0	 75
71	 0.20551111	 0.10156036	 0.39807302	 3075	 2550	 2181	 894	 1472	 1078	 0.42133334	 0.32001096	 0.6090264	 8.404449	 211	 24.81042654028436	 943	 2	 4.826296445317743	 52.3259	 1.0	 0.9629836497713604	 1.0	 0.55263156	 0.45	 0.35	 2.0	 1000.0	 0	 0.0	 75
72	 0.21688889	 0.10758281	 0.4193712	 3097	 2528	 2200	 897	 1453	 1075	 0.42373332	 0.31983986	 0.6161891	 8.565374	 218	 24.077981651376145	 1131	 2	 4.6429734793278055	 52.3259	 1.0	 0.959116131067276	 1.0	 0.6315789	 0.45	 0.35	 2.0	 1000.0	 0	 0.0	 75
73	 0.20888889	 0.10320285	 0.40466532	 3072	 2553	 2209	 863	 1444	 1109	 0.42497778	 0.3219272	 0.6158722	 8.677435	 227	 23.12775330396476	 1085	 2	 4.676373397201169	 52.3259	 1.0	 0.9589626925632292	 1.0	 0.6896552	 0.45	 0.35	 2.0	 1000.0	 0	 0.0	 75
74	 0.20675555	 0.09937038	 0.40567952	 3049	 2576	 2200	 849	 1453	 1123	 0.42168888	 0.3200794	 0.60991377	 8.800881	 207	 25.502415458937197	 1647	 2	 4.634894432652976	 52.3259	 1.0	 0.957718134790227	 1.0	 0.71929824	 0.45	 0.35	 2.0	 1000.0	 0	 0.0	 75
75	 0.20551111	 0.099644125	 0.4016227	 3053	 2572	 2170	 883	 1483	 1089	 0.4207111	 0.31963456	 0.6079488	 8.678895	 219	 24.168949771689498	 2213	 2	 4.290562793544439	 52.3259	 1.0	 0.9585355397773115	 1.0	 0.7017544	 0.45	 0.35	 2.0	 1000.0	 0	 0.0	 75
76	 0.20995556	 0.10347659	 0.4072008	 3068	 2557	 2178	 890	 1475	 1082	 0.42222223	 0.32018206	 0.6112449	 8.546803	 217	 24.29032258064516	 1543	 2	 4.306377364193789	 52.3259	 1.0	 0.9643009354441946	 1.0	 0.7	 0.45	 0.35	 2.0	 1000.0	 0	 0.0	 75
77	 0.20657778	 0.10402409	 0.39655173	 3074	 2551	 2190	 884	 1463	 1088	 0.4208889	 0.3180605	 0.6113717	 8.688093	 214	 24.60747663551402	 1210	 2	 4.6826119818420056	 52.3259	 1.0	 0.9566505077843354	 1.0	 0.71794873	 0.45	 0.35	 2.0	 1000.0	 0	 0.0	 75
78	 0.20408888	 0.10265535	 0.39198783	 3096	 2529	 2211	 885	 1442	 1087	 0.41831112	 0.31515193	 0.6094067	 8.768696	 197	 26.761421319796955	 2304	 2	 4.609303931899483	 52.3259	 1.0	 0.9547490501766882	 1.0	 0.59090906	 0.45	 0.35	 2.0	 1000.0	 0	 0.0	 75
79	 0.20302223	 0.1029291	 0.38843814	 3052	 2573	 2183	 869	 1470	 1103	 0.4175111	 0.3160074	 0.60554004	 8.693501	 200	 26.35	 1314	 2	 5.102662771940231	 52.3259	 1.0	 0.951960043311119	 1.0	 0.70212764	 0.45	 0.35	 2.0	 1000.0	 0	 0.0	 75
80	 0.21084444	 0.09307419	 0.4290061	 3050	 2575	 2159	 891	 1494	 1081	 0.42222223	 0.32025048	 0.61111814	 8.624854	 209	 25.263157894736842	 1549	 2	 4.8045430440081365	 52.3259	 1.0	 0.9561143046931216	 1.0	 0.7037037	 0.45	 0.35	 2.0	 1000.0	 0	 0.0	 75
81	 0.2144	 0.11086778	 0.4061866	 3066	 2559	 2172	 894	 1481	 1078	 0.42213333	 0.32049	 0.6104209	 8.756345	 206	 25.558252427184467	 1701	 2	 4.4112819520015165	 52.3259	 1.0	 0.9624380778919146	 1.0	 0.6875	 0.45	 0.35	 2.0	 1000.0	 0	 0.0	 75
82	 0.21244444	 0.11333151	 0.3960446	 3033	 2592	 2138	 895	 1515	 1077	 0.4201778	 0.31710237	 0.61111814	 8.747023	 204	 25.823529411764707	 1049	 2	 4.877163158327925	 52.3259	 1.0	 0.9583898604500527	 1.0	 0.7083333	 0.45	 0.35	 2.0	 1000.0	 0	 0.0	 75
83	 0.20248888	 0.0919792	 0.4072008	 3028	 2597	 2108	 920	 1545	 1052	 0.4207111	 0.31556255	 0.61549187	 8.599444	 211	 24.95260663507109	 2091	 2	 4.408075741117035	 52.3259	 1.0	 0.9619306080149248	 1.0	 0.71666664	 0.45	 0.35	 2.0	 1000.0	 0	 0.0	 75
84	 0.20142223	 0.095811665	 0.3970588	 3051	 2574	 2110	 941	 1543	 1031	 0.42168888	 0.31792364	 0.6139072	 8.694743	 212	 24.764150943396228	 1030	 2	 5.168856538129303	 52.3259	 1.0	 0.9522996215887789	 1.0	 0.71153843	 0.45	 0.35	 2.0	 1000.0	 0	 0.0	 75
85	 0.20675555	 0.096632905	 0.4107505	 3014	 2611	 2107	 907	 1546	 1065	 0.42337778	 0.31778675	 0.6189782	 8.826507	 199	 26.623115577889447	 1267	 2	 5.02960846052697	 52.3259	 1.0	 0.9629373032244006	 1.0	 0.6923077	 0.45	 0.35	 2.0	 1000.0	 0	 0.0	 75
86	 0.19786666	 0.09827539	 0.38235295	 3001	 2624	 2086	 915	 1567	 1057	 0.42266667	 0.3186422	 0.6153651	 8.648225	 215	 24.47906976744186	 793	 2	 5.338423084658245	 49.57822	 1.0	 0.9546492790066918	 1.0	 0.68292683	 0.45	 0.35	 2.0	 1000.0	 0	 0.0	 75
87	 0.21262223	 0.09909663	 0.42292088	 3013	 2612	 2086	 927	 1567	 1045	 0.42488888	 0.32329592	 0.6130832	 8.550709	 240	 21.8875	 609	 2	 4.648055850962797	 52.3259	 1.0	 0.9622643917798996	 1.0	 0.6785714	 0.45	 0.35	 2.0	 1000.0	 0	 0.0	 75
88	 0.19982222	 0.10265535	 0.37981746	 2973	 2652	 2079	 894	 1574	 1078	 0.42488888	 0.3241856	 0.6114351	 8.475231	 216	 24.38425925925926	 922	 2	 4.7971190473547685	 52.3259	 1.0	 0.959593135173674	 1.0	 0.7058824	 0.45	 0.35	 2.0	 1000.0	 0	 0.0	 75
89	 0.20106667	 0.1029291	 0.38286003	 3040	 2585	 2109	 931	 1544	 1041	 0.4201778	 0.31768408	 0.61004055	 8.628971	 219	 24.091324200913242	 1866	 2	 4.333367672685075	 52.3259	 1.0	 0.9609380718235556	 1.0	 0.68	 0.45	 0.35	 2.0	 1000.0	 0	 0.0	 75
90	 0.20604445	 0.10402409	 0.39503044	 2987	 2638	 2087	 900	 1566	 1072	 0.42266667	 0.32025048	 0.6123859	 8.484926	 220	 24.054545454545455	 1462	 2	 4.526681112159382	 52.3259	 1.0	 0.9620776883580467	 1.0	 0.6666667	 0.45	 0.35	 2.0	 1000.0	 0	 0.0	 75
91	 0.20746666	 0.098001644	 0.41024342	 3006	 2619	 2103	 903	 1550	 1069	 0.42373332	 0.32206404	 0.61206895	 8.599951	 207	 25.492753623188406	 2083	 2	 4.492725444876629	 52.3259	 1.0	 0.9639216736318984	 1.0	 0.71028036	 0.45	 0.35	 2.0	 1000.0	 0	 0.0	 75
92	 0.20995556	 0.09307419	 0.42647058	 3015	 2610	 2083	 932	 1570	 1040	 0.42257777	 0.32042158	 0.6118154	 8.509598	 205	 25.73170731707317	 1258	 2	 4.583333853395974	 52.3259	 1.0	 0.963055453358627	 1.0	 0.6875	 0.45	 0.35	 2.0	 1000.0	 0	 0.0	 75
93	 0.21475555	 0.10210786	 0.423428	 3079	 2546	 2130	 949	 1523	 1023	 0.4223111	 0.32025048	 0.6113717	 8.580028	 215	 24.49767441860465	 1081	 2	 5.061217728326487	 52.3259	 1.0	 0.9574492485024209	 1.0	 0.6796875	 0.45	 0.35	 2.0	 1000.0	 0	 0.0	 75
94	 0.20764445	 0.10785656	 0.39249492	 3033	 2592	 2128	 905	 1525	 1067	 0.4192889	 0.3171366	 0.60851926	 8.4642	 209	 25.196172248803826	 2003	 2	 4.421831669419576	 52.3259	 1.0	 0.9575404299503308	 1.0	 0.6923077	 0.45	 0.35	 2.0	 1000.0	 0	 0.0	 75
95	 0.20853333	 0.095811665	 0.4173428	 3044	 2581	 2148	 896	 1505	 1076	 0.42204446	 0.32090062	 0.6094067	 8.609322	 221	 23.877828054298643	 1436	 2	 4.392253230060388	 52.3259	 1.0	 0.9662413764323584	 1.0	 0.7083333	 0.45	 0.35	 2.0	 1000.0	 0	 0.0	 75
96	 0.21582222	 0.108951546	 0.41379312	 3062	 2563	 2156	 906	 1497	 1066	 0.42	 0.31833425	 0.6083291	 8.755746	 224	 23.535714285714285	 1118	 2	 4.8536503192569525	 52.3259	 1.0	 0.9555893407336303	 1.0	 0.6818182	 0.45	 0.35	 2.0	 1000.0	 0	 0.0	 75
97	 0.21208888	 0.099644125	 0.4203854	 3049	 2576	 2142	 907	 1511	 1065	 0.42382222	 0.3186422	 0.6186613	 8.883251	 206	 25.388349514563107	 1819	 2	 4.431658228624214	 52.3259	 1.0	 0.9726796621836505	 1.0	 0.7419355	 0.45	 0.35	 2.0	 1000.0	 0	 0.0	 75
98	 0.20195556	 0.0971804	 0.3960446	 3039	 2586	 2127	 912	 1526	 1060	 0.42195556	 0.32042158	 0.61004055	 8.638024	 219	 24.136986301369863	 1698	 2	 4.549163555990071	 52.3259	 1.0	 0.9632303834505821	 1.0	 0.6875	 0.45	 0.35	 2.0	 1000.0	 0	 0.0	 75
99	 0.20906667	 0.1029291	 0.40567952	 3033	 2592	 2131	 902	 1522	 1070	 0.41955554	 0.31932658	 0.6052231	 8.42706	 218	 24.28440366972477	 2406	 2	 4.011508826268923	 52.3259	 1.0	 0.9644752207699172	 1.0	 0.625	 0.45	 0.35	 2.0	 1000.0	 0	 0.0	 75
100	 0.21724445	 0.10210786	 0.4305274	 3009	 2616	 2108	 901	 1545	 1071	 0.42213333	 0.3227142	 0.6063007	 8.179037	 221	 23.895927601809955	 992	 2	 4.815688079838299	 52.3259	 1.0	 0.9596563561469721	 1.0	 0.7222222	 0.45	 0.35	 2.0	 1000.0	 0	 0.0	 75
101	 0.20693333	 0.10785656	 0.39046654	 3043	 2582	 2132	 911	 1521	 1061	 0.42293334	 0.3232617	 0.60756844	 8.112269	 234	 22.641025641025642	 970	 2	 4.910413479193663	 52.3259	 1.0	 0.9538438220818838	 1.0	 0.6666667	 0.45	 0.35	 2.0	 1000.0	 0	 0.0	 75
102	 0.20942222	 0.10566658	 0.4016227	 3021	 2604	 2130	 891	 1523	 1081	 0.42426667	 0.3236381	 0.61067444	 8.0468855	 196	 26.908163265306122	 1583	 2	 4.923625041027458	 52.3259	 1.0	 0.962445213782544	 1.0	 0.6814159	 0.45	 0.35	 2.0	 1000.0	 0	 0.0	 75
103	 0.21262223	 0.10758281	 0.4072008	 3021	 2604	 2117	 904	 1536	 1068	 0.4224889	 0.3191897	 0.6138438	 8.201408	 205	 25.75609756097561	 1339	 2	 4.789214930883268	 52.3259	 1.0	 0.9572014933679162	 1.0	 0.64	 0.45	 0.35	 2.0	 1000.0	 0	 0.0	 75
104	 0.19857778	 0.09827539	 0.38438132	 3020	 2605	 2124	 896	 1529	 1076	 0.4214222	 0.32093486	 0.60756844	 8.344766	 206	 25.601941747572816	 1466	 2	 4.8278162433105765	 52.3259	 1.0	 0.9583703024873456	 1.0	 0.7	 0.45	 0.35	 2.0	 1000.0	 0	 0.0	 75
105	 0.21564445	 0.11606898	 0.40010142	 3001	 2624	 2084	 917	 1569	 1055	 0.42222223	 0.3230906	 0.605857	 8.310109	 239	 22.0418410041841	 630	 2	 4.996008859518682	 51.62364	 1.0	 0.9523755316953779	 1.0	 0.6666667	 0.45	 0.35	 2.0	 1000.0	 0	 0.0	 75
106	 0.20355555	 0.1029291	 0.38995942	 2990	 2635	 2076	 914	 1577	 1058	 0.4232	 0.32264578	 0.60947007	 8.477495	 221	 23.710407239819006	 845	 2	 4.673913616939907	 51.62364	 1.0	 0.9610174589567055	 1.0	 0.73333335	 0.45	 0.35	 2.0	 1000.0	 0	 0.0	 75
107	 0.20746666	 0.099644125	 0.4072008	 2997	 2628	 2074	 923	 1579	 1049	 0.42204446	 0.31871065	 0.61346346	 8.370934	 210	 25.195238095238096	 1981	 2	 4.3113466807774135	 52.3259	 1.0	 0.9643432415667035	 1.0	 0.6315789	 0.45	 0.35	 2.0	 1000.0	 0	 0.0	 75
108	 0.20586666	 0.09362168	 0.41379312	 3049	 2576	 2100	 949	 1553	 1023	 0.42284444	 0.32072952	 0.6120056	 8.186788	 215	 24.427906976744186	 828	 2	 5.095448253875555	 49.57822	 1.0	 0.9578543183415436	 1.0	 0.7258065	 0.45	 0.35	 2.0	 1000.0	 0	 0.0	 75
109	 0.20906667	 0.10621407	 0.3995943	 3071	 2554	 2180	 891	 1473	 1081	 0.4215111	 0.31884754	 0.6116886	 8.364753	 224	 23.558035714285715	 1796	 2	 3.9710034312946454	 52.3259	 1.0	 0.9729245619050094	 1.0	 0.69863015	 0.45	 0.35	 2.0	 1000.0	 0	 0.0	 75
110	 0.20497778	 0.10402409	 0.39198783	 3092	 2533	 2202	 890	 1451	 1082	 0.42373332	 0.3214139	 0.6132733	 8.057911	 208	 25.221153846153847	 2557	 2	 4.133155990678531	 52.3259	 1.0	 0.9681371100820028	 1.0	 0.7194245	 0.45	 0.35	 2.0	 1000.0	 0	 0.0	 75
111	 0.2056889	 0.1029291	 0.3960446	 3051	 2574	 2170	 881	 1483	 1091	 0.4232	 0.32038736	 0.61365366	 8.131581	 215	 24.49767441860465	 2078	 2	 4.3721162984537525	 52.3259	 1.0	 0.9694999362147132	 1.0	 0.67021275	 0.45	 0.35	 2.0	 1000.0	 0	 0.0	 75
112	 0.21617778	 0.1144265	 0.40466532	 3019	 2606	 2106	 913	 1547	 1059	 0.42124444	 0.31905285	 0.61054766	 8.081418	 194	 27.309278350515463	 1584	 2	 4.904953312628048	 52.3259	 1.0	 0.9622300304088396	 1.0	 0.7398374	 0.45	 0.35	 2.0	 1000.0	 0	 0.0	 75
113	 0.21066667	 0.097727895	 0.4198783	 3004	 2621	 2081	 923	 1572	 1049	 0.42133334	 0.31932658	 0.6102941	 8.150998	 201	 26.238805970149254	 1132	 2	 4.9600314838969295	 52.3259	 1.0	 0.9636586092004729	 1.0	 0.73134327	 0.45	 0.35	 2.0	 1000.0	 0	 0.0	 75
114	 0.1984	 0.096906655	 0.38640973	 3056	 2569	 2113	 943	 1540	 1029	 0.4230222	 0.31816316	 0.6172667	 8.1265745	 222	 23.707207207207208	 1960	 2	 4.2161237393413575	 52.3259	 1.0	 0.9650617867439717	 1.0	 0.7058824	 0.45	 0.35	 2.0	 1000.0	 0	 0.0	 75
115	 0.19928889	 0.096906655	 0.38894522	 3057	 2568	 2145	 912	 1508	 1060	 0.42293334	 0.31874487	 0.6159356	 8.306841	 203	 25.970443349753694	 1983	 2	 4.521528192341621	 52.3259	 1.0	 0.962485714792618	 1.0	 0.71428573	 0.45	 0.35	 2.0	 1000.0	 0	 0.0	 75
116	 0.21333334	 0.10019162	 0.42292088	 3051	 2574	 2125	 926	 1528	 1046	 0.42337778	 0.31840268	 0.61783725	 8.107737	 202	 25.92079207920792	 928	 2	 4.886743826441245	 52.3259	 1.0	 0.9669962427993812	 1.0	 0.7307692	 0.45	 0.35	 2.0	 1000.0	 0	 0.0	 75
117	 0.19768889	 0.098822884	 0.38083163	 3037	 2588	 2120	 917	 1533	 1055	 0.42133334	 0.31696552	 0.61466783	 8.290228	 220	 24.0	 2245	 2	 3.891222393512726	 52.3259	 1.0	 0.9710360914468765	 1.0	 0.6923077	 0.45	 0.35	 2.0	 1000.0	 0	 0.0	 75
118	 0.20266667	 0.10019162	 0.39249492	 3047	 2578	 2130	 917	 1523	 1055	 0.4215111	 0.31771833	 0.61378044	 8.272606	 214	 24.593457943925234	 1035	 2	 4.850988750702867	 52.3259	 1.0	 0.960468689136416	 1.0	 0.7058824	 0.45	 0.35	 2.0	 1000.0	 0	 0.0	 75
119	 0.20017777	 0.097454146	 0.39046654	 2997	 2628	 2112	 885	 1541	 1087	 0.42533332	 0.3227142	 0.6154285	 8.435927	 224	 23.397321428571427	 1637	 2	 4.41056253494961	 52.3259	 1.0	 0.961142784250634	 1.0	 0.73333335	 0.45	 0.35	 2.0	 1000.0	 0	 0.0	 75
120	 0.19324444	 0.096359156	 0.37271807	 3054	 2571	 2130	 924	 1523	 1048	 0.4232	 0.31963456	 0.61504817	 8.534037	 220	 23.927272727272726	 1667	 2	 4.468515168536793	 52.3259	 1.0	 0.9609315571459857	 1.0	 0.72527474	 0.45	 0.35	 2.0	 1000.0	 0	 0.0	 75
121	 0.21262223	 0.10676157	 0.4087221	 3014	 2611	 2128	 886	 1525	 1086	 0.424	 0.32333013	 0.6104843	 8.379218	 199	 26.502512562814072	 1391	 2	 4.90609374956869	 52.3259	 1.0	 0.964285600425011	 1.0	 0.7265625	 0.45	 0.35	 2.0	 1000.0	 0	 0.0	 75
122	 0.19822222	 0.09526417	 0.38894522	 3045	 2580	 2128	 917	 1525	 1055	 0.42382222	 0.32131127	 0.613717	 8.288317	 205	 25.68780487804878	 2401	 2	 4.2965967155084375	 52.3259	 1.0	 0.9704111637138739	 1.0	 0.7	 0.45	 0.35	 2.0	 1000.0	 0	 0.0	 75
123	 0.21137778	 0.10101286	 0.4158215	 3042	 2583	 2131	 911	 1522	 1061	 0.42222223	 0.32110593	 0.6095335	 8.441863	 215	 24.553488372093025	 1258	 2	 4.615037615354671	 52.3259	 1.0	 0.9624140686767045	 1.0	 0.7	 0.45	 0.35	 2.0	 1000.0	 0	 0.0	 75
124	 0.22382222	 0.108951546	 0.43661258	 2993	 2632	 2115	 878	 1538	 1094	 0.42177778	 0.31833425	 0.6134001	 8.610383	 195	 27.01025641025641	 617	 2	 5.197683629622826	 47.010635	 1.0	 0.960159677419907	 1.0	 0.7	 0.45	 0.35	 2.0	 1000.0	 0	 0.0	 75
125	 0.20373334	 0.097454146	 0.4006085	 3049	 2576	 2157	 892	 1496	 1080	 0.42257777	 0.31847113	 0.6154285	 8.526884	 217	 24.29953917050691	 1562	 2	 4.6121412911173385	 52.3259	 1.0	 0.9629290867511029	 1.0	 0.6792453	 0.45	 0.35	 2.0	 1000.0	 0	 0.0	 75
126	 0.19502223	 0.09471667	 0.38083163	 3092	 2533	 2181	 911	 1472	 1061	 0.4223111	 0.31850535	 0.6146045	 8.383519	 201	 26.01492537313433	 2145	 2	 4.485671929459073	 52.3259	 1.0	 0.9609326646102602	 1.0	 0.7	 0.45	 0.35	 2.0	 1000.0	 0	 0.0	 75
127	 0.20746666	 0.10347659	 0.40010142	 3093	 2532	 2213	 880	 1440	 1092	 0.4231111	 0.3201478	 0.6138438	 8.139407	 207	 25.497584541062803	 2134	 2	 4.455025649876986	 52.3259	 1.0	 0.9656188758675027	 1.0	 0.7	 0.45	 0.35	 2.0	 1000.0	 0	 0.0	 75
128	 0.19182222	 0.098822884	 0.36409736	 3056	 2569	 2192	 864	 1461	 1108	 0.4214222	 0.31634957	 0.6160624	 7.9256206	 218	 24.178899082568808	 2191	 2	 4.264256763895717	 52.3259	 1.0	 0.9613455216818994	 1.0	 0.7234042	 0.45	 0.35	 2.0	 1000.0	 0	 0.0	 75
129	 0.20675555	 0.10320285	 0.39858013	 3049	 2576	 2175	 874	 1478	 1098	 0.4216	 0.31778675	 0.6139072	 7.731092	 201	 26.258706467661693	 2418	 2	 4.288671591981727	 52.3259	 1.0	 0.9653054366064309	 1.0	 0.66101694	 0.45	 0.35	 2.0	 1000.0	 0	 0.0	 75
130	 0.19431111	 0.09115795	 0.38539553	 3050	 2575	 2148	 902	 1505	 1070	 0.42133334	 0.3195319	 0.60991377	 7.639558	 216	 24.40740740740741	 844	 2	 4.904834159546429	 52.3259	 1.0	 0.9629543020769402	 1.0	 0.625	 0.45	 0.35	 2.0	 1000.0	 0	 0.0	 75
131	 0.21244444	 0.10347659	 0.4143002	 3057	 2568	 2152	 905	 1501	 1067	 0.42133334	 0.31915548	 0.6106111	 7.8100057	 226	 23.13716814159292	 1620	 2	 4.443993067319414	 52.3259	 1.0	 0.9641110324754124	 1.0	 0.6981132	 0.45	 0.35	 2.0	 1000.0	 0	 0.0	 75
132	 0.20017777	 0.098822884	 0.38793105	 3037	 2588	 2159	 878	 1494	 1094	 0.42648888	 0.3217561	 0.6204995	 8.025339	 230	 22.817391304347826	 1646	 2	 4.510343318918477	 52.3259	 1.0	 0.9613009406172711	 1.0	 0.65384614	 0.45	 0.35	 2.0	 1000.0	 0	 0.0	 75
133	 0.19128889	 0.09608541	 0.36764705	 3025	 2600	 2152	 873	 1501	 1099	 0.42604443	 0.32387763	 0.6153017	 8.081396	 215	 24.446511627906975	 1166	 2	 4.967356555960899	 52.3259	 1.0	 0.9642119135967521	 1.0	 0.6333333	 0.45	 0.35	 2.0	 1000.0	 0	 0.0	 75
134	 0.21244444	 0.1086778	 0.40466532	 3058	 2567	 2169	 889	 1484	 1083	 0.424	 0.32038736	 0.6159356	 8.274511	 235	 22.259574468085106	 1103	 2	 4.684959113344233	 52.3259	 1.0	 0.9607867971379707	 1.0	 0.7	 0.45	 0.35	 2.0	 1000.0	 0	 0.0	 75
135	 0.2096	 0.09909663	 0.4143002	 3085	 2540	 2177	 908	 1476	 1064	 0.42417777	 0.31966877	 0.61777383	 8.239461	 234	 22.405982905982906	 1823	 2	 4.197662635746165	 52.3259	 1.0	 0.9717578994922149	 1.0	 0.7176471	 0.45	 0.35	 2.0	 1000.0	 0	 0.0	 75
136	 0.19644445	 0.09362168	 0.38691685	 3068	 2557	 2183	 885	 1470	 1087	 0.42346665	 0.3184369	 0.6180274	 8.417835	 222	 23.594594594594593	 2296	 2	 3.9289074314607157	 52.3259	 1.0	 0.9691640122516735	 1.0	 0.7058824	 0.45	 0.35	 2.0	 1000.0	 0	 0.0	 75
137	 0.21386667	 0.110594034	 0.4051724	 3111	 2514	 2217	 894	 1436	 1078	 0.42133334	 0.3217561	 0.6057936	 8.099828	 228	 23.07894736842105	 1802	 2	 4.376790929258916	 52.3259	 1.0	 0.9589531609886571	 1.0	 0.74418604	 0.45	 0.35	 2.0	 1000.0	 0	 0.0	 75
138	 0.20764445	 0.10375034	 0.40010142	 3065	 2560	 2196	 869	 1457	 1103	 0.4208889	 0.31836846	 0.6108012	 7.956396	 233	 22.523605150214593	 1670	 2	 4.196363943329185	 52.3259	 1.0	 0.9682874899565406	 1.0	 0.7368421	 0.45	 0.35	 2.0	 1000.0	 0	 0.0	 75
139	 0.21031111	 0.10539283	 0.40466532	 3056	 2569	 2167	 889	 1486	 1083	 0.4200889	 0.31539145	 0.614034	 7.843879	 225	 23.435555555555556	 877	 2	 4.5764628304375545	 52.3259	 1.0	 0.9616863184505039	 1.0	 0.7	 0.45	 0.35	 2.0	 1000.0	 0	 0.0	 75
140	 0.19502223	 0.08896797	 0.39148074	 3055	 2570	 2172	 883	 1481	 1089	 0.42115554	 0.31658912	 0.61485803	 7.809128	 204	 25.901960784313726	 1243	 2	 4.912956623470082	 52.3259	 1.0	 0.9561580255919812	 1.0	 0.6875	 0.45	 0.35	 2.0	 1000.0	 0	 0.0	 75
141	 0.20391111	 0.10429784	 0.38843814	 3028	 2597	 2157	 871	 1496	 1101	 0.4185778	 0.31593895	 0.60870945	 7.734269	 190	 27.821052631578947	 2070	 2	 4.6065989287276015	 52.3259	 1.0	 0.9612572183734492	 1.0	 0.7253521	 0.45	 0.35	 2.0	 1000.0	 0	 0.0	 75
142	 0.20088889	 0.096632905	 0.39401624	 3032	 2593	 2154	 878	 1499	 1094	 0.4232	 0.32072952	 0.61301976	 7.751457	 216	 24.27314814814815	 2154	 2	 4.256470976052461	 52.3259	 1.0	 0.960257725307235	 1.0	 0.6666667	 0.45	 0.35	 2.0	 1000.0	 0	 0.0	 75
143	 0.19804445	 0.08978921	 0.39858013	 2998	 2627	 2130	 868	 1523	 1104	 0.42204446	 0.3188133	 0.6132733	 7.5691276	 220	 23.936363636363637	 1554	 2	 4.470812837102196	 52.3259	 1.0	 0.9618040802803907	 1.0	 0.6458333	 0.45	 0.35	 2.0	 1000.0	 0	 0.0	 75
144	 0.20764445	 0.09280044	 0.4203854	 3018	 2607	 2123	 895	 1530	 1077	 0.4201778	 0.31515193	 0.61473125	 7.490736	 215	 24.42325581395349	 1830	 2	 4.2895660095436625	 52.3259	 1.0	 0.9580212274263071	 1.0	 0.72727275	 0.45	 0.35	 2.0	 1000.0	 0	 0.0	 75
145	 0.2032	 0.09115795	 0.4107505	 2975	 2650	 2086	 889	 1567	 1083	 0.42195556	 0.31768408	 0.6151116	 7.5648236	 233	 22.50214592274678	 1612	 2	 4.387495435358629	 52.3259	 1.0	 0.9596049077009439	 1.0	 0.6875	 0.45	 0.35	 2.0	 1000.0	 0	 0.0	 75
146	 0.20604445	 0.10429784	 0.39452332	 3050	 2575	 2117	 933	 1536	 1039	 0.41902223	 0.3132699	 0.6149214	 7.6453724	 221	 23.624434389140273	 2229	 2	 3.8448806440128998	 52.3259	 1.0	 0.9658442465967723	 1.0	 0.7411765	 0.45	 0.35	 2.0	 1000.0	 0	 0.0	 75
147	 0.1952	 0.09061046	 0.38894522	 3038	 2587	 2126	 912	 1527	 1060	 0.42444444	 0.31778675	 0.6220208	 7.7032804	 229	 22.676855895196507	 2039	 2	 4.020517651691187	 52.3259	 1.0	 0.9649278511126489	 1.0	 0.7083333	 0.45	 0.35	 2.0	 1000.0	 0	 0.0	 75
148	 0.1991111	 0.10402409	 0.37525356	 3004	 2621	 2120	 884	 1533	 1088	 0.42186666	 0.31812894	 0.614034	 7.906257	 208	 25.177884615384617	 1659	 2	 4.364921755515612	 52.3259	 1.0	 0.9611281259701803	 1.0	 0.71428573	 0.45	 0.35	 2.0	 1000.0	 0	 0.0	 75
149	 0.20533334	 0.098822884	 0.40263692	 3009	 2616	 2105	 904	 1548	 1068	 0.42213333	 0.31672597	 0.6173935	 8.065032	 212	 24.735849056603772	 2011	 2	 4.173955532739747	 52.3259	 1.0	 0.9653558247494247	 1.0	 0.68292683	 0.45	 0.35	 2.0	 1000.0	 0	 0.0	 75
150	 0.20426667	 0.09307419	 0.41024342	 3010	 2615	 2093	 917	 1560	 1055	 0.42293334	 0.3178894	 0.6175203	 7.957679	 230	 22.860869565217392	 1945	 2	 4.359530676966128	 52.3259	 1.0	 0.9637456912061443	 1.0	 0.6585366	 0.45	 0.35	 2.0	 1000.0	 0	 0.0	 75
151	 0.2	 0.10265535	 0.38032454	 3035	 2590	 2108	 927	 1545	 1045	 0.4201778	 0.3130304	 0.6186613	 7.8292875	 208	 25.110576923076923	 1311	 2	 4.596511711867956	 52.3259	 1.0	 0.9640179838125522	 1.0	 0.7096774	 0.45	 0.35	 2.0	 1000.0	 0	 0.0	 75
152	 0.19235556	 0.084861755	 0.39148074	 3039	 2586	 2114	 925	 1539	 1047	 0.4223111	 0.31628114	 0.61872464	 7.8059764	 222	 23.63063063063063	 1546	 2	 4.044896754058632	 52.3259	 1.0	 0.9704216656921146	 1.0	 0.7058824	 0.45	 0.35	 2.0	 1000.0	 0	 0.0	 75
153	 0.19075556	 0.09170545	 0.37423936	 3030	 2595	 2121	 909	 1532	 1063	 0.42284444	 0.3186422	 0.6158722	 8.014093	 221	 23.84162895927602	 1015	 2	 4.541383974692401	 52.3259	 1.0	 0.9691998238477232	 1.0	 0.74732333	 0.45	 0.35	 2.0	 1000.0	 0	 0.0	 75
154	 0.20088889	 0.095811665	 0.39553753	 3026	 2599	 2111	 915	 1542	 1057	 0.42195556	 0.31764987	 0.61517495	 8.109764	 212	 24.754716981132077	 1631	 2	 4.365183454077199	 52.3259	 1.0	 0.9663850965927232	 1.0	 0.6885246	 0.45	 0.35	 2.0	 1000.0	 0	 0.0	 75
155	 0.19982222	 0.10073912	 0.38336715	 3048	 2577	 2129	 919	 1524	 1053	 0.42062223	 0.31532302	 0.61568207	 7.9967966	 192	 27.364583333333332	 2347	 2	 4.467618929843108	 52.3259	 1.0	 0.9683727674807111	 1.0	 0.6545454	 0.45	 0.35	 2.0	 1000.0	 0	 0.0	 75
156	 0.19164445	 0.08677799	 0.38590264	 3072	 2553	 2144	 928	 1509	 1044	 0.42382222	 0.31754723	 0.62068963	 7.7527256	 220	 23.85	 1182	 2	 4.193246300112118	 52.3259	 1.0	 0.9669876204295592	 1.0	 0.7	 0.45	 0.35	 2.0	 1000.0	 0	 0.0	 75
157	 0.20266667	 0.09471667	 0.40263692	 3068	 2557	 2166	 902	 1487	 1070	 0.42213333	 0.31949767	 0.61225915	 7.972518	 217	 24.29032258064516	 2312	 2	 4.197712208818181	 52.3259	 1.0	 0.9676031143434586	 1.0	 0.7058824	 0.45	 0.35	 2.0	 1000.0	 0	 0.0	 75
158	 0.20106667	 0.09334794	 0.4006085	 3055	 2570	 2165	 890	 1488	 1082	 0.42702222	 0.32356966	 0.6186613	 8.022629	 240	 21.9	 2178	 2	 3.9507699623703956	 52.3259	 1.0	 0.9682954805592696	 1.0	 0.73333335	 0.45	 0.35	 2.0	 1000.0	 0	 0.0	 75
159	 0.19982222	 0.10457159	 0.37626776	 3051	 2574	 2157	 894	 1496	 1078	 0.42391112	 0.32059267	 0.6153017	 7.844144	 238	 22.15546218487395	 2184	 2	 3.9507804603135885	 52.3259	 1.0	 0.962337543233102	 1.0	 0.6451613	 0.45	 0.35	 2.0	 1000.0	 0	 0.0	 75
160	 0.20284444	 0.109499045	 0.37576064	 2988	 2637	 2113	 875	 1540	 1097	 0.4208	 0.31764987	 0.6118788	 7.6133337	 229	 23.048034934497817	 1346	 2	 4.394948606928363	 52.3259	 1.0	 0.9633199541329296	 1.0	 0.7234042	 0.45	 0.35	 2.0	 1000.0	 0	 0.0	 75
161	 0.20284444	 0.099917874	 0.39350912	 3021	 2604	 2118	 903	 1535	 1069	 0.42026666	 0.31662333	 0.61225915	 7.8441296	 220	 23.98181818181818	 1504	 2	 4.122789093039253	 52.3259	 1.0	 0.9674035971814936	 1.0	 0.69491524	 0.45	 0.35	 2.0	 1000.0	 0	 0.0	 75
162	 0.19928889	 0.09937038	 0.38438132	 3030	 2595	 2115	 915	 1538	 1057	 0.42062223	 0.31823158	 0.6102941	 7.7233872	 223	 23.54708520179372	 2162	 2	 4.284199919935833	 52.3259	 1.0	 0.9565596690092386	 1.0	 0.6785714	 0.45	 0.35	 2.0	 1000.0	 0	 0.0	 75
163	 0.21297778	 0.09909663	 0.4239351	 3056	 2569	 2149	 907	 1504	 1065	 0.4224	 0.31847113	 0.6149214	 7.689811	 220	 23.886363636363637	 2230	 2	 4.280108559131622	 52.3259	 1.0	 0.9676877290010453	 1.0	 0.7457627	 0.45	 0.35	 2.0	 1000.0	 0	 0.0	 75
164	 0.20444444	 0.109225295	 0.38083163	 3016	 2609	 2146	 870	 1507	 1102	 0.41813335	 0.31696552	 0.60554004	 7.819623	 222	 23.693693693693692	 2122	 2	 4.250593468412623	 52.3259	 1.0	 0.9641616714967264	 1.0	 0.625	 0.45	 0.35	 2.0	 1000.0	 0	 0.0	 75
165	 0.21048889	 0.1023816	 0.4107505	 3034	 2591	 2142	 892	 1511	 1080	 0.42133334	 0.31980565	 0.6094067	 7.650272	 216	 24.39814814814815	 2027	 2	 4.2353065405730845	 52.3259	 1.0	 0.9675900497370296	 1.0	 0.6849315	 0.45	 0.35	 2.0	 1000.0	 0	 0.0	 75
166	 0.21297778	 0.099917874	 0.4224138	 3026	 2599	 2133	 893	 1520	 1079	 0.42293334	 0.318608	 0.6161891	 7.4759526	 215	 24.488372093023255	 2081	 2	 4.256470694098362	 52.3259	 1.0	 0.9679928571678872	 1.0	 0.69491524	 0.45	 0.35	 2.0	 1000.0	 0	 0.0	 75
167	 0.19946666	 0.096632905	 0.38995942	 3038	 2587	 2122	 916	 1531	 1056	 0.42328888	 0.3190186	 0.6164427	 7.3128242	 230	 22.991304347826087	 2030	 2	 4.173135034934334	 52.3259	 1.0	 0.961596253125564	 1.0	 0.7107438	 0.45	 0.35	 2.0	 1000.0	 0	 0.0	 75
168	 0.19946666	 0.099644125	 0.38438132	 3064	 2561	 2148	 916	 1505	 1056	 0.42346665	 0.319395	 0.61625254	 7.2237573	 241	 21.821576763485478	 2159	 2	 4.01740153004025	 52.3259	 1.0	 0.9673401844452031	 1.0	 0.6909091	 0.45	 0.35	 2.0	 1000.0	 0	 0.0	 75
169	 0.19822222	 0.096632905	 0.38640973	 3091	 2534	 2183	 908	 1470	 1064	 0.42595556	 0.32356966	 0.61561865	 7.3506665	 225	 23.293333333333333	 2233	 2	 4.114019131130642	 52.3259	 1.0	 0.9688891548580594	 1.0	 0.65909094	 0.45	 0.35	 2.0	 1000.0	 0	 0.0	 75
170	 0.20462222	 0.09499042	 0.4077079	 3056	 2569	 2166	 890	 1487	 1082	 0.42977777	 0.32466465	 0.6244929	 7.297645	 244	 21.41393442622951	 2185	 2	 4.018684001242528	 52.3259	 1.0	 0.964158158566131	 1.0	 0.63414633	 0.45	 0.35	 2.0	 1000.0	 0	 0.0	 75
171	 0.21137778	 0.10977279	 0.3995943	 3037	 2588	 2137	 900	 1516	 1072	 0.4201778	 0.31922394	 0.6071881	 7.5653343	 223	 23.58744394618834	 1721	 2	 4.418397847312448	 52.3259	 1.0	 0.955419294502703	 1.0	 0.65217394	 0.45	 0.35	 2.0	 1000.0	 0	 0.0	 75
172	 0.21884444	 0.10128661	 0.43661258	 3008	 2617	 2107	 901	 1546	 1071	 0.4191111	 0.31634957	 0.60947007	 7.47042	 236	 22.24576271186441	 2100	 2	 3.958396105443017	 52.3259	 1.0	 0.9606206212508477	 1.0	 0.6666667	 0.45	 0.35	 2.0	 1000.0	 0	 0.0	 75
